22:26:34.286 [main] INFO  orangehrm.project.pages.LoginPage - Social media YouTube icon clicked successfully
22:26:37.690 [main] INFO  orangehrm.project.pages.LoginPage$YouTubePage - Focus successfully switched to YouTube
22:26:37.807 [main] INFO  orangehrm.project.pages.LoginPage$YouTubePage - YouTube title successfully captured
22:26:42.882 [main] INFO  orangehrm.project.pages.LoginPage - Username set
22:26:42.956 [main] INFO  orangehrm.project.pages.LoginPage - Password set
22:26:43.002 [main] INFO  orangehrm.project.pages.LoginPage - Login button clicked
22:26:43.002 [main] INFO  orangehrm.project.pages.LoginPage - Login Successful
22:26:45.643 [main] INFO  orangehrm.project.pages.HomePage - Click on My Info successful
22:26:46.577 [main] INFO  orangehrm.project.pages.MyInfo - blood type already selected as O+
22:26:47.058 [main] INFO  orangehrm.project.pages.MyInfo - Toast message captured
22:28:36.721 [main] INFO  orangehrm.project.pages.LoginPage - Username set
22:28:36.799 [main] INFO  orangehrm.project.pages.LoginPage - Password set
22:28:37.763 [main] INFO  orangehrm.project.pages.LoginPage - Login button clicked
22:28:37.763 [main] INFO  orangehrm.project.pages.LoginPage - Login Successful
22:28:38.819 [main] INFO  orangehrm.project.pages.HomePage - Click on Buzz successful
22:28:39.238 [main] INFO  orangehrm.project.pages.BuzzPage - Most recent post button clicked
22:28:39.958 [main] INFO  orangehrm.project.pages.BuzzPage - Comment icon clicked
22:28:40.584 [main] INFO  orangehrm.project.pages.BuzzPage - Toast message successfully captured
22:28:45.505 [main] INFO  orangehrm.project.pages.LoginPage - Username set
22:28:45.589 [main] INFO  orangehrm.project.pages.LoginPage - Password set
22:28:46.606 [main] INFO  orangehrm.project.pages.LoginPage - Login button clicked
22:28:46.607 [main] INFO  orangehrm.project.pages.LoginPage - Login Successful
22:28:48.052 [main] INFO  orangehrm.project.pages.HomePage - Click on My Info successful
22:28:49.260 [main] INFO  orangehrm.project.pages.MyInfo - blood type already selected as O+
22:28:49.615 [main] INFO  orangehrm.project.pages.MyInfo - Toast message captured
22:30:10.464 [main] INFO  orangehrm.project.pages.LoginPage - Username set
22:30:10.544 [main] INFO  orangehrm.project.pages.LoginPage - Password set
22:30:14.190 [main] INFO  orangehrm.project.pages.LoginPage - Login button clicked
22:30:14.190 [main] INFO  orangehrm.project.pages.LoginPage - Login Successful
22:30:15.110 [main] INFO  orangehrm.project.pages.HomePage - Click on Buzz successful
22:30:15.654 [main] INFO  orangehrm.project.pages.BuzzPage - Most recent post button clicked
22:30:16.312 [main] INFO  orangehrm.project.pages.BuzzPage - Comment icon clicked
22:30:16.983 [main] INFO  orangehrm.project.pages.BuzzPage - Toast message successfully captured
22:30:16.983 [main] INFO  orangehrm.project.tests.BuzzPageTest - Test addCommentToMostRecentPost finished successfully
22:30:21.925 [main] INFO  orangehrm.project.pages.LoginPage - Username set
22:30:22.001 [main] INFO  orangehrm.project.pages.LoginPage - Password set
22:30:22.963 [main] INFO  orangehrm.project.pages.LoginPage - Login button clicked
22:30:22.963 [main] INFO  orangehrm.project.pages.LoginPage - Login Successful
22:30:24.443 [main] INFO  orangehrm.project.pages.HomePage - Click on My Info successful
22:30:25.365 [main] INFO  orangehrm.project.pages.MyInfo - blood type successfully selected and saved
22:30:25.886 [main] INFO  orangehrm.project.pages.MyInfo - Toast message captured
22:30:25.886 [main] INFO  orangehrm.project.tests.MyInfoTest - Test selectBloodType finished successfully
22:31:02.768 [main] INFO  orangehrm.project.pages.LoginPage - Username set
22:31:02.846 [main] INFO  orangehrm.project.pages.LoginPage - Password set
22:31:03.896 [main] INFO  orangehrm.project.pages.LoginPage - Login button clicked
22:31:03.896 [main] INFO  orangehrm.project.pages.LoginPage - Login Successful
22:31:05.184 [main] INFO  orangehrm.project.pages.HomePage - Click on Admin successful
22:31:06.051 [main] INFO  orangehrm.project.pages.AdminPage - Job Titles is selected from JobDropDown
22:31:06.755 [main] INFO  orangehrm.project.pages.AdminPage - Add button clicked
22:31:07.105 [main] INFO  orangehrm.project.pages.AdminPage - JobTitle text typed
22:31:07.162 [main] INFO  orangehrm.project.pages.AdminPage - Job description text typed
22:31:07.221 [main] INFO  orangehrm.project.pages.AdminPage - Note text typed
22:31:07.373 [main] INFO  orangehrm.project.pages.AdminPage - Save button clicked
22:31:07.666 [main] INFO  orangehrm.project.pages.AdminPage - Toast message captured
22:31:07.668 [main] INFO  orangehrm.project.tests.AdminPageTest - Job Title successfully Added
22:31:07.668 [main] INFO  orangehrm.project.tests.AdminPageTest - Add Job Title test Finished
22:31:12.568 [main] INFO  orangehrm.project.pages.LoginPage - Username set
22:31:12.643 [main] INFO  orangehrm.project.pages.LoginPage - Password set
22:31:13.644 [main] INFO  orangehrm.project.pages.LoginPage - Login button clicked
22:31:13.644 [main] INFO  orangehrm.project.pages.LoginPage - Login Successful
22:31:15.068 [main] INFO  orangehrm.project.pages.HomePage - Click on Admin successful
22:31:15.468 [main] INFO  orangehrm.project.pages.AdminPage - text set to username
22:31:15.548 [main] INFO  orangehrm.project.pages.AdminPage - Admin selected from dropdown
22:31:15.629 [main] INFO  orangehrm.project.pages.AdminPage - Enable selected from dropdown
22:31:15.679 [main] INFO  orangehrm.project.pages.AdminPage - search button clicked
22:31:16.183 [main] INFO  orangehrm.project.pages.AdminPage - edit button clicked
22:31:16.802 [main] INFO  orangehrm.project.pages.AdminPage - checkbox clicked, and it is displayed
22:31:16.802 [main] INFO  orangehrm.project.tests.AdminPageTest - change password check box test finished
22:31:21.480 [main] INFO  orangehrm.project.pages.LoginPage - Username set
22:31:21.556 [main] INFO  orangehrm.project.pages.LoginPage - Password set
22:31:22.556 [main] INFO  orangehrm.project.pages.LoginPage - Login button clicked
22:31:22.557 [main] INFO  orangehrm.project.pages.LoginPage - Login Successful
22:31:23.492 [main] INFO  orangehrm.project.pages.HomePage - Click on Buzz successful
22:31:23.918 [main] INFO  orangehrm.project.pages.BuzzPage - Most recent post button clicked
22:31:24.565 [main] INFO  orangehrm.project.pages.BuzzPage - Comment icon clicked
22:31:25.292 [main] INFO  orangehrm.project.pages.BuzzPage - Toast message successfully captured
22:31:25.292 [main] INFO  orangehrm.project.tests.BuzzPageTest - Test addCommentToMostRecentPost finished successfully
22:31:30.055 [main] INFO  orangehrm.project.pages.LoginPage - Username set
22:31:30.128 [main] INFO  orangehrm.project.pages.LoginPage - Password set
22:31:31.127 [main] INFO  orangehrm.project.pages.LoginPage - Login button clicked
22:31:31.127 [main] INFO  orangehrm.project.pages.LoginPage - Login Successful
22:31:32.781 [main] INFO  orangehrm.project.pages.HomePage - Click on admin successful
22:31:33.113 [main] INFO  orangehrm.project.pages.HomePage - Admin exist on the main menu and it is clickable --AdminFromMenu test--successfully finished
22:31:37.893 [main] INFO  orangehrm.project.pages.LoginPage - Username set
22:31:37.966 [main] INFO  orangehrm.project.pages.LoginPage - Password set
22:31:39.020 [main] INFO  orangehrm.project.pages.LoginPage - Login button clicked
22:31:39.020 [main] INFO  orangehrm.project.pages.LoginPage - Login Successful
22:31:40.491 [main] INFO  orangehrm.project.pages.HomePage - Click on Leave successful
22:31:40.843 [main] INFO  orangehrm.project.pages.HomePage - Leave exist on the main menu and it is clickable --LeaveFromMenu test-- successfully finished
22:31:45.505 [main] INFO  orangehrm.project.pages.LoginPage - Username set
22:31:45.583 [main] INFO  orangehrm.project.pages.LoginPage - Password set
22:31:46.609 [main] INFO  orangehrm.project.pages.LoginPage - Login button clicked
22:31:46.609 [main] INFO  orangehrm.project.pages.LoginPage - Login Successful
22:31:47.973 [main] INFO  orangehrm.project.pages.HomePage - Click on Time successful
22:31:48.336 [main] INFO  orangehrm.project.pages.HomePage - Time exist on the main menu and it is clickable --TimeFromMenu test-- successfully finished
22:31:53.042 [main] INFO  orangehrm.project.pages.LoginPage - Username set
22:31:53.116 [main] INFO  orangehrm.project.pages.LoginPage - Password set
22:31:54.108 [main] INFO  orangehrm.project.pages.LoginPage - Login button clicked
22:31:54.108 [main] INFO  orangehrm.project.pages.LoginPage - Login Successful
22:31:55.673 [main] INFO  orangehrm.project.pages.HomePage - Click on Recruitment successful
22:31:56.059 [main] INFO  orangehrm.project.pages.HomePage - Recruitment exist on the main menu and it is clickable --RecruitmentFromMenu test-- successfully finished
22:32:00.865 [main] INFO  orangehrm.project.pages.LoginPage - Username set
22:32:00.937 [main] INFO  orangehrm.project.pages.LoginPage - Password set
22:32:01.983 [main] INFO  orangehrm.project.pages.LoginPage - Login button clicked
22:32:01.983 [main] INFO  orangehrm.project.pages.LoginPage - Login Successful
22:32:03.329 [main] INFO  orangehrm.project.pages.HomePage - Click on Performance successful
22:32:03.731 [main] INFO  orangehrm.project.pages.HomePage - Performance exist on the main menu and it is clickable --PerformanceFromMenu test--successfully finished
22:32:08.296 [main] INFO  orangehrm.project.pages.LoginPage - Username set
22:32:08.371 [main] INFO  orangehrm.project.pages.LoginPage - Password set
22:32:09.693 [main] INFO  orangehrm.project.pages.LoginPage - Login button clicked
22:32:09.693 [main] INFO  orangehrm.project.pages.LoginPage - Login Successful
22:32:10.618 [main] INFO  orangehrm.project.pages.HomePage - Click on Dashboard successful
22:32:11.325 [main] INFO  orangehrm.project.pages.HomePage - Dashboard exist on the main menu and it is clickable --DashboardFromMenu test-- successfully finished
22:32:15.987 [main] INFO  orangehrm.project.pages.LoginPage - Username set
22:32:16.057 [main] INFO  orangehrm.project.pages.LoginPage - Password set
22:32:17.150 [main] INFO  orangehrm.project.pages.LoginPage - Login button clicked
