17:56:21.273 [main] INFO  orangehrm.project.pages.AdminPage - Note text typed
17:56:21.378 [main] INFO  orangehrm.project.pages.AdminPage - Save button clicked
17:56:25.428 [main] INFO  orangehrm.project.pages.AdminPage - success message popup
17:57:00.339 [main] INFO  orangehrm.project.pages.LoginPage - Login Successful
17:57:01.710 [main] INFO  orangehrm.project.pages.HomePage - click Admin success
17:57:02.640 [main] INFO  orangehrm.project.pages.AdminPage - Job Titles is selected from JobDropDown
17:57:03.411 [main] INFO  orangehrm.project.pages.AdminPage - Add button clicked
17:57:03.745 [main] INFO  orangehrm.project.pages.AdminPage - JobTitle text typed
17:57:03.830 [main] INFO  orangehrm.project.pages.AdminPage - Job description text typed
17:57:03.895 [main] INFO  orangehrm.project.pages.AdminPage - Note text typed
17:57:04.051 [main] INFO  orangehrm.project.pages.AdminPage - Save button clicked
17:57:08.098 [main] INFO  orangehrm.project.pages.AdminPage - success message popup
17:57:34.456 [main] INFO  orangehrm.project.pages.LoginPage - Login Successful
17:57:35.897 [main] INFO  orangehrm.project.pages.HomePage - click Admin success
17:57:36.742 [main] INFO  orangehrm.project.pages.AdminPage - Job Titles is selected from JobDropDown
17:57:37.432 [main] INFO  orangehrm.project.pages.AdminPage - Add button clicked
17:57:37.753 [main] INFO  orangehrm.project.pages.AdminPage - JobTitle text typed
17:57:37.810 [main] INFO  orangehrm.project.pages.AdminPage - Job description text typed
17:57:37.866 [main] INFO  orangehrm.project.pages.AdminPage - Note text typed
17:57:37.965 [main] INFO  orangehrm.project.pages.AdminPage - Save button clicked
17:57:42.017 [main] INFO  orangehrm.project.pages.AdminPage - success message popup
18:02:45.562 [main] INFO  orangehrm.project.pages.LoginPage - Login Successful
18:02:47.122 [main] INFO  orangehrm.project.pages.HomePage - click Admin success
18:02:47.894 [main] INFO  orangehrm.project.pages.AdminPage - Job Titles is selected from JobDropDown
18:02:48.595 [main] INFO  orangehrm.project.pages.AdminPage - Add button clicked
18:02:48.975 [main] INFO  orangehrm.project.pages.AdminPage - JobTitle text typed
18:02:49.034 [main] INFO  orangehrm.project.pages.AdminPage - Job description text typed
18:02:49.088 [main] INFO  orangehrm.project.pages.AdminPage - Note text typed
18:02:49.193 [main] INFO  orangehrm.project.pages.AdminPage - Save button clicked
18:11:43.061 [main] INFO  orangehrm.project.pages.LoginPage - Login Successful
18:11:44.477 [main] INFO  orangehrm.project.pages.HomePage - click Admin success
18:11:45.231 [main] INFO  orangehrm.project.pages.AdminPage - Job Titles is selected from JobDropDown
18:11:45.929 [main] INFO  orangehrm.project.pages.AdminPage - Add button clicked
18:11:46.270 [main] INFO  orangehrm.project.pages.AdminPage - JobTitle text typed
18:11:46.327 [main] INFO  orangehrm.project.pages.AdminPage - Job description text typed
18:11:46.381 [main] INFO  orangehrm.project.pages.AdminPage - Note text typed
18:11:46.482 [main] INFO  orangehrm.project.pages.AdminPage - Save button clicked
18:12:13.099 [main] INFO  orangehrm.project.pages.LoginPage - Login Successful
18:12:15.452 [main] INFO  orangehrm.project.pages.HomePage - click Admin success
18:12:16.285 [main] INFO  orangehrm.project.pages.AdminPage - Job Titles is selected from JobDropDown
18:12:16.992 [main] INFO  orangehrm.project.pages.AdminPage - Add button clicked
18:12:17.354 [main] INFO  orangehrm.project.pages.AdminPage - JobTitle text typed
18:12:17.412 [main] INFO  orangehrm.project.pages.AdminPage - Job description text typed
18:12:17.463 [main] INFO  orangehrm.project.pages.AdminPage - Note text typed
18:12:17.567 [main] INFO  orangehrm.project.pages.AdminPage - Save button clicked
18:12:48.209 [main] INFO  orangehrm.project.pages.LoginPage - Login Successful
18:12:49.565 [main] INFO  orangehrm.project.pages.HomePage - click Admin success
18:12:50.477 [main] INFO  orangehrm.project.pages.AdminPage - Job Titles is selected from JobDropDown
18:12:51.167 [main] INFO  orangehrm.project.pages.AdminPage - Add button clicked
18:12:51.536 [main] INFO  orangehrm.project.pages.AdminPage - JobTitle text typed
18:12:51.601 [main] INFO  orangehrm.project.pages.AdminPage - Job description text typed
18:12:51.662 [main] INFO  orangehrm.project.pages.AdminPage - Note text typed
18:12:51.766 [main] INFO  orangehrm.project.pages.AdminPage - Save button clicked
18:22:04.052 [main] INFO  orangehrm.project.pages.LoginPage - Login Successful
18:22:05.748 [main] INFO  orangehrm.project.pages.HomePage - click Admin success
18:22:06.507 [main] INFO  orangehrm.project.pages.AdminPage - Job Titles is selected from JobDropDown
18:22:07.229 [main] INFO  orangehrm.project.pages.AdminPage - Add button clicked
18:22:07.592 [main] INFO  orangehrm.project.pages.AdminPage - JobTitle text typed
18:22:07.652 [main] INFO  orangehrm.project.pages.AdminPage - Job description text typed
18:22:07.706 [main] INFO  orangehrm.project.pages.AdminPage - Note text typed
18:22:07.813 [main] INFO  orangehrm.project.pages.AdminPage - Save button clicked
18:22:07.837 [main] INFO  orangehrm.project.pages.AdminPage - success message popup
18:22:11.598 [main] INFO  orangehrm.project.pages.AdminPage - New job title deleted success
18:23:23.724 [main] INFO  orangehrm.project.pages.LoginPage - Login Successful
18:23:25.111 [main] INFO  orangehrm.project.pages.HomePage - click Admin success
18:23:26.025 [main] INFO  orangehrm.project.pages.AdminPage - Job Titles is selected from JobDropDown
18:23:26.698 [main] INFO  orangehrm.project.pages.AdminPage - Add button clicked
18:23:27.065 [main] INFO  orangehrm.project.pages.AdminPage - JobTitle text typed
18:23:27.134 [main] INFO  orangehrm.project.pages.AdminPage - Job description text typed
18:23:27.190 [main] INFO  orangehrm.project.pages.AdminPage - Note text typed
18:23:27.296 [main] INFO  orangehrm.project.pages.AdminPage - Save button clicked
18:23:31.100 [main] INFO  orangehrm.project.pages.AdminPage - New job title deleted success
18:26:14.442 [main] INFO  orangehrm.project.pages.LoginPage - Login Successful
18:26:15.903 [main] INFO  orangehrm.project.pages.HomePage - click Admin success
18:26:16.707 [main] INFO  orangehrm.project.pages.AdminPage - Job Titles is selected from JobDropDown
18:26:17.418 [main] INFO  orangehrm.project.pages.AdminPage - Add button clicked
18:26:17.788 [main] INFO  orangehrm.project.pages.AdminPage - JobTitle text typed
18:26:17.847 [main] INFO  orangehrm.project.pages.AdminPage - Job description text typed
18:26:17.916 [main] INFO  orangehrm.project.pages.AdminPage - Note text typed
18:26:18.016 [main] INFO  orangehrm.project.pages.AdminPage - Save button clicked
18:26:18.041 [main] INFO  orangehrm.project.pages.AdminPage - success message popup
18:26:21.785 [main] INFO  orangehrm.project.pages.AdminPage - New job title deleted success
18:26:21.803 [main] INFO  orangehrm.project.pages.AdminPage - success message popup
18:28:05.952 [main] INFO  orangehrm.project.pages.LoginPage - Login Successful
18:28:07.383 [main] INFO  orangehrm.project.pages.HomePage - click Admin success
18:28:08.212 [main] INFO  orangehrm.project.pages.AdminPage - Job Titles is selected from JobDropDown
18:28:08.872 [main] INFO  orangehrm.project.pages.AdminPage - Add button clicked
18:28:09.258 [main] INFO  orangehrm.project.pages.AdminPage - JobTitle text typed
18:28:09.316 [main] INFO  orangehrm.project.pages.AdminPage - Job description text typed
18:28:09.370 [main] INFO  orangehrm.project.pages.AdminPage - Note text typed
18:28:09.637 [main] INFO  orangehrm.project.pages.AdminPage - Save button clicked
18:28:09.660 [main] INFO  orangehrm.project.pages.AdminPage - success message popup
18:28:13.743 [main] INFO  orangehrm.project.pages.AdminPage - New job title deleted success
18:28:13.763 [main] INFO  orangehrm.project.pages.AdminPage - success message popup
18:28:13.777 [main] INFO  orangehrm.project.pages.AdminPage - success message popup
18:34:55.062 [main] INFO  orangehrm.project.pages.LoginPage - Login Successful
18:34:56.501 [main] INFO  orangehrm.project.pages.HomePage - click Admin success
18:34:57.319 [main] INFO  orangehrm.project.pages.AdminPage - Job Titles is selected from JobDropDown
18:34:57.931 [main] INFO  orangehrm.project.pages.AdminPage - Add button clicked
18:34:58.258 [main] INFO  orangehrm.project.pages.AdminPage - JobTitle text typed
18:34:58.313 [main] INFO  orangehrm.project.pages.AdminPage - Job description text typed
18:34:58.371 [main] INFO  orangehrm.project.pages.AdminPage - Note text typed
18:34:58.496 [main] INFO  orangehrm.project.pages.AdminPage - Save button clicked
18:35:02.267 [main] INFO  orangehrm.project.pages.AdminPage - New job title deleted success
19:00:56.629 [main] INFO  orangehrm.project.pages.LoginPage - Login Successful
19:00:58.306 [main] INFO  orangehrm.project.pages.HomePage - click Admin success
19:00:59.135 [main] INFO  orangehrm.project.pages.AdminPage - Job Titles is selected from JobDropDown
19:00:59.881 [main] INFO  orangehrm.project.pages.AdminPage - Add button clicked
19:01:00.259 [main] INFO  orangehrm.project.pages.AdminPage - JobTitle text typed
19:01:00.319 [main] INFO  orangehrm.project.pages.AdminPage - Job description text typed
19:01:00.375 [main] INFO  orangehrm.project.pages.AdminPage - Note text typed
19:01:00.477 [main] INFO  orangehrm.project.pages.AdminPage - Save button clicked
19:04:09.248 [main] INFO  orangehrm.project.pages.LoginPage - Login Successful
19:04:11.469 [main] INFO  orangehrm.project.pages.HomePage - click Admin success
19:04:12.253 [main] INFO  orangehrm.project.pages.AdminPage - Job Titles is selected from JobDropDown
19:04:13.002 [main] INFO  orangehrm.project.pages.AdminPage - Add button clicked
19:04:13.384 [main] INFO  orangehrm.project.pages.AdminPage - JobTitle text typed
19:04:13.446 [main] INFO  orangehrm.project.pages.AdminPage - Job description text typed
19:04:13.507 [main] INFO  orangehrm.project.pages.AdminPage - Note text typed
19:04:13.615 [main] INFO  orangehrm.project.pages.AdminPage - Save button clicked
19:06:59.007 [main] INFO  orangehrm.project.pages.LoginPage - Login Successful
19:07:01.369 [main] INFO  orangehrm.project.pages.HomePage - click Admin success
