22:03:32.038 [main] INFO  orangehrm.project.tests.LoginPageTest - Test LoginTestWithWrongCredentials successfully finished
22:03:36.345 [main] INFO  orangehrm.project.pages.LoginPage - Username set
22:03:36.442 [main] INFO  orangehrm.project.pages.LoginPage - Password set
22:03:37.373 [main] INFO  orangehrm.project.pages.LoginPage - Login button clicked
22:03:37.638 [main] INFO  orangehrm.project.pages.LoginPage - Error message captured
22:03:37.638 [main] INFO  orangehrm.project.tests.LoginPageTest - Test LoginTestWithWrongCredentials successfully finished
22:03:41.785 [main] INFO  orangehrm.project.pages.LoginPage - Social media http://www.orangehrm.com icon clicked successfully
22:03:43.625 [main] INFO  orangehrm.project.pages.LoginPage$LinkedinPage - Focus successfully switched to http://www.orangehrm.com
22:03:43.643 [main] INFO  orangehrm.project.pages.LoginPage$LinkedinPage - http://www.orangehrm.com title successfully captured
22:03:48.262 [main] INFO  orangehrm.project.pages.LoginPage - ForgotPassword link clicked
22:03:49.650 [main] INFO  orangehrm.project.pages.LoginPage - Reset Password link sent successfully
22:03:49.907 [main] INFO  orangehrm.project.tests.LoginPageTest - Test LoginTest ResetPassword successfully finished
22:03:53.989 [main] INFO  orangehrm.project.pages.LoginPage$TweeterPage - Focus successfully switched to Tweeter
22:03:53.997 [main] INFO  orangehrm.project.pages.LoginPage$TweeterPage - Tweeter title successfully captured
22:03:58.020 [main] INFO  orangehrm.project.pages.LoginPage - Social media YouTube icon clicked successfully
22:04:01.886 [main] INFO  orangehrm.project.pages.LoginPage$YouTubePage - Focus successfully switched to YouTube
22:04:01.983 [main] INFO  orangehrm.project.pages.LoginPage$YouTubePage - YouTube title successfully captured
22:08:27.742 [main] INFO  orangehrm.project.pages.LoginPage - Username set
22:08:27.830 [main] INFO  orangehrm.project.pages.LoginPage - Password set
22:08:28.798 [main] INFO  orangehrm.project.pages.LoginPage - Login button clicked
22:08:28.798 [main] INFO  orangehrm.project.pages.LoginPage - Login Successful
22:08:30.381 [main] INFO  orangehrm.project.pages.HomePage - Click on Admin successful
22:08:31.184 [main] INFO  orangehrm.project.pages.AdminPage - Job Titles is selected from JobDropDown
22:08:31.909 [main] INFO  orangehrm.project.pages.AdminPage - Add button clicked
22:08:32.280 [main] INFO  orangehrm.project.pages.AdminPage - JobTitle text typed
22:08:32.343 [main] INFO  orangehrm.project.pages.AdminPage - Job description text typed
22:08:32.402 [main] INFO  orangehrm.project.pages.AdminPage - Note text typed
22:08:32.500 [main] INFO  orangehrm.project.pages.AdminPage - Save button clicked
22:08:32.799 [main] INFO  orangehrm.project.pages.AdminPage - Toast message captured
22:08:32.801 [main] INFO  orangehrm.project.tests.AdminPageTest - Job Title successfully Added
22:08:32.801 [main] INFO  orangehrm.project.tests.AdminPageTest - Add Job Title test Finished
22:08:37.059 [main] INFO  orangehrm.project.pages.LoginPage - Username set
22:08:37.133 [main] INFO  orangehrm.project.pages.LoginPage - Password set
22:08:38.175 [main] INFO  orangehrm.project.pages.LoginPage - Login button clicked
22:08:38.175 [main] INFO  orangehrm.project.pages.LoginPage - Login Successful
22:08:39.649 [main] INFO  orangehrm.project.pages.HomePage - Click on Admin successful
22:08:40.010 [main] INFO  orangehrm.project.pages.AdminPage - text set to username
22:08:40.090 [main] INFO  orangehrm.project.pages.AdminPage - Admin selected from dropdown
22:08:40.170 [main] INFO  orangehrm.project.pages.AdminPage - Enable selected from dropdown
22:08:40.221 [main] INFO  orangehrm.project.pages.AdminPage - search button clicked
22:08:40.730 [main] INFO  orangehrm.project.pages.AdminPage - edit button clicked
22:08:41.339 [main] INFO  orangehrm.project.pages.AdminPage - checkbox clicked, and it is displayed
22:08:41.339 [main] INFO  orangehrm.project.tests.AdminPageTest - change password check box test finished
22:08:45.402 [main] INFO  orangehrm.project.pages.LoginPage - Username set
22:08:45.486 [main] INFO  orangehrm.project.pages.LoginPage - Password set
22:08:46.526 [main] INFO  orangehrm.project.pages.LoginPage - Login button clicked
22:08:46.527 [main] INFO  orangehrm.project.pages.LoginPage - Login Successful
22:17:25.790 [main] INFO  orangehrm.project.pages.LoginPage - Username set
22:17:25.885 [main] INFO  orangehrm.project.pages.LoginPage - Password set
22:17:26.936 [main] INFO  orangehrm.project.pages.LoginPage - Login button clicked
22:17:26.936 [main] INFO  orangehrm.project.pages.LoginPage - Login Successful
22:17:28.304 [main] INFO  orangehrm.project.pages.HomePage - Click on Admin successful
22:17:29.177 [main] INFO  orangehrm.project.pages.AdminPage - Job Titles is selected from JobDropDown
22:17:29.877 [main] INFO  orangehrm.project.pages.AdminPage - Add button clicked
22:17:30.238 [main] INFO  orangehrm.project.pages.AdminPage - JobTitle text typed
22:17:30.313 [main] INFO  orangehrm.project.pages.AdminPage - Job description text typed
22:17:30.380 [main] INFO  orangehrm.project.pages.AdminPage - Note text typed
22:17:30.482 [main] INFO  orangehrm.project.pages.AdminPage - Save button clicked
22:17:30.776 [main] INFO  orangehrm.project.pages.AdminPage - Toast message captured
22:17:35.280 [main] INFO  orangehrm.project.pages.LoginPage - Username set
22:17:35.373 [main] INFO  orangehrm.project.pages.LoginPage - Password set
22:17:36.347 [main] INFO  orangehrm.project.pages.LoginPage - Login button clicked
22:17:36.347 [main] INFO  orangehrm.project.pages.LoginPage - Login Successful
22:17:37.717 [main] INFO  orangehrm.project.pages.HomePage - Click on Admin successful
22:17:38.167 [main] INFO  orangehrm.project.pages.AdminPage - text set to username
22:17:38.252 [main] INFO  orangehrm.project.pages.AdminPage - Admin selected from dropdown
22:17:38.335 [main] INFO  orangehrm.project.pages.AdminPage - Enable selected from dropdown
22:17:38.396 [main] INFO  orangehrm.project.pages.AdminPage - search button clicked
22:17:38.890 [main] INFO  orangehrm.project.pages.AdminPage - edit button clicked
22:17:39.557 [main] INFO  orangehrm.project.pages.AdminPage - checkbox clicked, and it is displayed
22:17:39.558 [main] INFO  orangehrm.project.tests.AdminPageTest - change password check box test finished
22:17:43.625 [main] INFO  orangehrm.project.pages.LoginPage - Username set
22:17:43.712 [main] INFO  orangehrm.project.pages.LoginPage - Password set
22:17:44.690 [main] INFO  orangehrm.project.pages.LoginPage - Login button clicked
22:17:44.690 [main] INFO  orangehrm.project.pages.LoginPage - Login Successful
22:17:45.845 [main] INFO  orangehrm.project.pages.HomePage - Click on Buzz successful
22:17:46.206 [main] INFO  orangehrm.project.pages.BuzzPage - Most recent post button clicked
22:17:46.842 [main] INFO  orangehrm.project.pages.BuzzPage - Comment icon clicked
22:17:47.362 [main] INFO  orangehrm.project.pages.BuzzPage - Toast message successfully captured
22:17:47.362 [main] INFO  orangehrm.project.tests.BuzzPageTest - Test addCommentToMostRecentPost finished successfully
22:17:51.994 [main] INFO  orangehrm.project.pages.LoginPage - Username set
22:17:52.064 [main] INFO  orangehrm.project.pages.LoginPage - Password set
22:17:53.053 [main] INFO  orangehrm.project.pages.LoginPage - Login button clicked
22:17:53.053 [main] INFO  orangehrm.project.pages.LoginPage - Login Successful
22:17:54.428 [main] INFO  orangehrm.project.pages.HomePage - Click on admin successful
22:17:54.712 [main] INFO  orangehrm.project.pages.HomePage - Admin exist on the main menu and it is clickable --AdminFromMenu test--successfully finished
22:17:59.984 [main] INFO  orangehrm.project.pages.LoginPage - Username set
22:18:00.049 [main] INFO  orangehrm.project.pages.LoginPage - Password set
22:18:01.015 [main] INFO  orangehrm.project.pages.LoginPage - Login button clicked
22:18:01.015 [main] INFO  orangehrm.project.pages.LoginPage - Login Successful
22:18:02.550 [main] INFO  orangehrm.project.pages.HomePage - Click on Leave successful
22:18:02.888 [main] INFO  orangehrm.project.pages.HomePage - Leave exist on the main menu and it is clickable --LeaveFromMenu test-- successfully finished
22:18:08.077 [main] INFO  orangehrm.project.pages.LoginPage - Username set
22:18:08.153 [main] INFO  orangehrm.project.pages.LoginPage - Password set
22:18:08.201 [main] INFO  orangehrm.project.pages.LoginPage - Login button clicked
22:18:08.201 [main] INFO  orangehrm.project.pages.LoginPage - Login Successful
22:19:19.937 [main] INFO  orangehrm.project.pages.LoginPage - Username set
22:19:20.018 [main] INFO  orangehrm.project.pages.LoginPage - Password set
22:19:20.985 [main] INFO  orangehrm.project.pages.LoginPage - Login button clicked
22:19:20.985 [main] INFO  orangehrm.project.pages.LoginPage - Login Successful
22:19:22.776 [main] INFO  orangehrm.project.pages.HomePage - Click on Admin successful
22:19:23.640 [main] INFO  orangehrm.project.pages.AdminPage - Job Titles is selected from JobDropDown
22:19:24.343 [main] INFO  orangehrm.project.pages.AdminPage - Add button clicked
22:19:24.702 [main] INFO  orangehrm.project.pages.AdminPage - JobTitle text typed
22:19:24.762 [main] INFO  orangehrm.project.pages.AdminPage - Job description text typed
22:19:24.867 [main] INFO  orangehrm.project.pages.AdminPage - Note text typed
22:19:24.911 [main] INFO  orangehrm.project.pages.AdminPage - Save button clicked
22:19:25.201 [main] INFO  orangehrm.project.pages.AdminPage - Toast message captured
22:19:25.204 [main] INFO  orangehrm.project.tests.AdminPageTest - Job Title successfully Added
22:19:25.204 [main] INFO  orangehrm.project.tests.AdminPageTest - Add Job Title test Finished
22:24:10.097 [main] INFO  orangehrm.project.pages.LoginPage - Username set
22:24:10.176 [main] INFO  orangehrm.project.pages.LoginPage - Password set
22:24:11.373 [main] INFO  orangehrm.project.pages.LoginPage - Login button clicked
22:24:11.373 [main] INFO  orangehrm.project.pages.LoginPage - Login Successful
22:24:12.834 [main] INFO  orangehrm.project.pages.HomePage - Click on Admin successful
22:24:13.766 [main] INFO  orangehrm.project.pages.AdminPage - Job Titles is selected from JobDropDown
