19:10:37.480 [main] INFO  orangehrm.project.pages.LoginPage - Login Successful
19:10:39.373 [main] INFO  orangehrm.project.pages.HomePage - Time exist on the main menu and it is clickable --TimeFromMenu test-- Finished
19:10:45.005 [main] INFO  orangehrm.project.pages.LoginPage - Login Successful
19:10:46.788 [main] INFO  orangehrm.project.pages.HomePage - Recruitment exist on the main menu and it is clickable --RecruitmentFromMenu test-- Finished
19:10:52.323 [main] INFO  orangehrm.project.pages.LoginPage - Login Successful
19:10:54.091 [main] INFO  orangehrm.project.pages.HomePage - Performance exist on the main menu and it is clickable --PerformanceFromMenu test-- Finished
19:10:59.379 [main] INFO  orangehrm.project.pages.LoginPage - Login Successful
19:11:00.956 [main] INFO  orangehrm.project.pages.HomePage - Dashboard exist on the main menu and it is clickable --DashboardFromMenu test-- Finish
19:11:06.246 [main] INFO  orangehrm.project.pages.LoginPage - Login Successful
19:11:07.497 [main] INFO  orangehrm.project.pages.HomePage - Directory exist on the main menu and it is clickable
19:11:12.907 [main] INFO  orangehrm.project.pages.LoginPage - Login Successful
19:11:14.335 [main] INFO  orangehrm.project.pages.HomePage - Buzz exist on the main menu and it is clickable --BuzzFromMenu test-- Finished
19:11:19.760 [main] INFO  orangehrm.project.pages.LoginPage - Login Successful
19:11:19.760 [main] INFO  orangehrm.project.tests.LoginPageTest - login success
19:11:20.082 [main] INFO  orangehrm.project.pages.LoginPage - User Name is Displayed
19:11:26.213 [main] INFO  orangehrm.project.pages.LoginPage - Reset Password link sent successfully
19:11:31.938 [main] INFO  orangehrm.project.pages.LoginPage - Login Successful
19:11:34.353 [main] INFO  orangehrm.project.pages.MyInfo - blood type successfully selected and saved
19:11:34.764 [main] INFO  orangehrm.project.pages.MyInfo - Toast message captured
00:01:24.132 [main] INFO  orangehrm.project.pages.LoginPage - Invalid data inserted
00:01:24.399 [main] INFO  orangehrm.project.pages.LoginPage - Error message captured
00:01:29.483 [main] INFO  orangehrm.project.pages.LoginPage - Invalid data inserted
00:01:29.749 [main] INFO  orangehrm.project.pages.LoginPage - Error message captured
00:01:35.165 [main] INFO  orangehrm.project.pages.LoginPage - Invalid data inserted
00:01:35.427 [main] INFO  orangehrm.project.pages.LoginPage - Error message captured
00:31:35.176 [main] INFO  orangehrm.project.pages.LoginPage - Username inserted
00:31:35.304 [main] INFO  orangehrm.project.pages.LoginPage - Password inserted
00:31:35.895 [main] INFO  orangehrm.project.pages.LoginPage - Login button clicked
00:31:36.157 [main] INFO  orangehrm.project.pages.LoginPage - Error message captured
00:31:40.728 [main] INFO  orangehrm.project.pages.LoginPage - Username inserted
00:31:40.816 [main] INFO  orangehrm.project.pages.LoginPage - Password inserted
00:31:41.427 [main] INFO  orangehrm.project.pages.LoginPage - Login button clicked
00:31:41.695 [main] INFO  orangehrm.project.pages.LoginPage - Error message captured
00:31:45.786 [main] INFO  orangehrm.project.pages.LoginPage - Username inserted
00:31:45.913 [main] INFO  orangehrm.project.pages.LoginPage - Password inserted
00:31:46.902 [main] INFO  orangehrm.project.pages.LoginPage - Login button clicked
00:31:47.162 [main] INFO  orangehrm.project.pages.LoginPage - Error message captured
00:48:41.824 [main] INFO  orangehrm.project.pages.LoginPage - Username inserted
00:48:41.931 [main] INFO  orangehrm.project.pages.LoginPage - Password inserted
00:48:43.145 [main] INFO  orangehrm.project.pages.LoginPage - Login button clicked
00:48:43.145 [main] INFO  orangehrm.project.tests.LoginPageTest - login success
00:48:43.473 [main] INFO  orangehrm.project.pages.LoginPage - User Name is Displayed
01:06:22.272 [main] INFO  orangehrm.project.pages.LoginPage - Username set
01:06:22.378 [main] INFO  orangehrm.project.pages.LoginPage - Password set
01:06:23.420 [main] INFO  orangehrm.project.pages.LoginPage - Login button clicked
01:06:23.420 [main] INFO  orangehrm.project.tests.LoginPageTest - login success
01:06:23.750 [main] INFO  orangehrm.project.pages.LoginPage - User Name is Displayed
01:06:28.807 [main] INFO  orangehrm.project.pages.LoginPage - Username set
01:06:28.887 [main] INFO  orangehrm.project.pages.LoginPage - Password set
01:06:29.511 [main] INFO  orangehrm.project.pages.LoginPage - Login button clicked
01:06:29.781 [main] INFO  orangehrm.project.pages.LoginPage - Error message captured
01:06:33.893 [main] INFO  orangehrm.project.pages.LoginPage - Username set
01:06:33.983 [main] INFO  orangehrm.project.pages.LoginPage - Password set
01:06:34.624 [main] INFO  orangehrm.project.pages.LoginPage - Login button clicked
01:06:34.909 [main] INFO  orangehrm.project.pages.LoginPage - Error message captured
01:06:39.099 [main] INFO  orangehrm.project.pages.LoginPage - Username set
01:06:39.195 [main] INFO  orangehrm.project.pages.LoginPage - Password set
01:06:40.291 [main] INFO  orangehrm.project.pages.LoginPage - Login button clicked
01:06:40.566 [main] INFO  orangehrm.project.pages.LoginPage - Error message captured
01:06:45.116 [main] INFO  orangehrm.project.pages.LoginPage - ForgotPassword link clicked
01:06:45.485 [main] INFO  orangehrm.project.pages.LoginPage - Reset Password link sent successfully
01:07:36.017 [main] INFO  orangehrm.project.pages.LoginPage - Username set
01:07:36.077 [main] INFO  orangehrm.project.pages.LoginPage - Password set
01:07:36.691 [main] INFO  orangehrm.project.pages.LoginPage - Login button clicked
01:07:36.955 [main] INFO  orangehrm.project.pages.LoginPage - Error message captured
01:08:10.804 [main] INFO  orangehrm.project.pages.LoginPage - Username set
01:08:10.884 [main] INFO  orangehrm.project.pages.LoginPage - Password set
01:08:11.530 [main] INFO  orangehrm.project.pages.LoginPage - Login button clicked
01:08:11.810 [main] INFO  orangehrm.project.pages.LoginPage - Error message captured
01:08:16.159 [main] INFO  orangehrm.project.pages.LoginPage - Username set
01:08:16.255 [main] INFO  orangehrm.project.pages.LoginPage - Password set
01:08:16.887 [main] INFO  orangehrm.project.pages.LoginPage - Login button clicked
01:08:17.216 [main] INFO  orangehrm.project.pages.LoginPage - Error message captured
01:08:21.375 [main] INFO  orangehrm.project.pages.LoginPage - Username set
01:08:21.470 [main] INFO  orangehrm.project.pages.LoginPage - Password set
01:08:22.468 [main] INFO  orangehrm.project.pages.LoginPage - Login button clicked
01:08:22.736 [main] INFO  orangehrm.project.pages.LoginPage - Error message captured
01:27:21.205 [main] INFO  orangehrm.project.pages.LoginPage - Username set
01:27:21.299 [main] INFO  orangehrm.project.pages.LoginPage - Password set
01:27:22.458 [main] INFO  orangehrm.project.pages.LoginPage - Login button clicked
01:27:22.458 [main] INFO  orangehrm.project.pages.LoginPage - Login Successful
01:27:25.123 [main] INFO  orangehrm.project.pages.MyInfo - blood type successfully selected and saved
01:27:25.635 [main] INFO  orangehrm.project.pages.MyInfo - Toast message captured
01:27:25.637 [main] INFO  orangehrm.project.tests.MyInfoTest - Test selectBloodType finished succesfully
04:51:23.101 [main] INFO  orangehrm.project.pages.LoginPage - Username set
04:51:23.207 [main] INFO  orangehrm.project.pages.LoginPage - Password set
04:51:24.256 [main] INFO  orangehrm.project.pages.LoginPage - Login button clicked
04:51:24.257 [main] INFO  orangehrm.project.pages.LoginPage - Login Successful
04:53:28.188 [main] INFO  orangehrm.project.pages.LoginPage - Username set
04:53:28.323 [main] INFO  orangehrm.project.pages.LoginPage - Password set
04:53:28.372 [main] INFO  orangehrm.project.pages.LoginPage - Login button clicked
04:53:28.372 [main] INFO  orangehrm.project.pages.LoginPage - Login Successful
04:55:49.551 [main] INFO  orangehrm.project.pages.LoginPage - Username set
04:55:49.632 [main] INFO  orangehrm.project.pages.LoginPage - Password set
04:55:50.722 [main] INFO  orangehrm.project.pages.LoginPage - Login button clicked
04:55:50.723 [main] INFO  orangehrm.project.pages.LoginPage - Login Successful
04:55:58.490 [main] INFO  orangehrm.project.pages.HomePage - Click on admin successful
04:56:19.292 [main] INFO  orangehrm.project.pages.LoginPage - Username set
04:56:19.373 [main] INFO  orangehrm.project.pages.LoginPage - Password set
04:56:20.489 [main] INFO  orangehrm.project.pages.LoginPage - Login button clicked
04:56:20.489 [main] INFO  orangehrm.project.pages.LoginPage - Login Successful
04:56:28.203 [main] INFO  orangehrm.project.pages.HomePage - Click on admin successful
05:02:26.803 [main] INFO  orangehrm.project.pages.LoginPage - Social media icon clicked successfully
05:03:03.950 [main] INFO  orangehrm.project.pages.LoginPage - Social media icon clicked successfully
05:03:59.186 [main] INFO  orangehrm.project.pages.LoginPage - Social media icon clicked successfully
05:04:21.816 [main] INFO  orangehrm.project.pages.LoginPage - Social media icon clicked successfully
05:07:06.265 [main] INFO  orangehrm.project.pages.LoginPage - Social media icon clicked successfully
05:44:58.350 [main] INFO  orangehrm.project.pages.LoginPage - Social media Linkedin icon clicked successfully
05:48:52.226 [main] INFO  orangehrm.project.pages.LoginPage - Social media Linkedin icon clicked successfully
05:52:11.204 [main] INFO  orangehrm.project.pages.LoginPage - Social media Linkedin icon clicked successfully
14:20:27.983 [main] INFO  orangehrm.project.pages.LoginPage - Social media Linkedin icon clicked successfully
14:26:06.975 [main] INFO  orangehrm.project.pages.LoginPage - Social media Linkedin icon clicked successfully
15:12:03.694 [main] INFO  orangehrm.project.pages.LoginPage - Social media Linkedin icon clicked successfully
15:13:05.568 [main] INFO  orangehrm.project.pages.LoginPage - Social media Linkedin icon clicked successfully
15:16:44.420 [main] INFO  orangehrm.project.pages.LoginPage - Social media Linkedin icon clicked successfully
15:18:11.557 [main] INFO  orangehrm.project.pages.LoginPage - Social media Linkedin icon clicked successfully
15:33:18.635 [main] INFO  orangehrm.project.pages.LoginPage - Social media Linkedin icon clicked successfully
