22:41:38.271 [main] INFO  orangehrm.project.pages.BuzzPage - Text inserted to What's on your mind
22:41:38.379 [main] INFO  orangehrm.project.pages.BuzzPage - Image successfully uploaded
22:58:56.316 [main] INFO  orangehrm.project.pages.LoginPage - Login Successful
22:58:57.654 [main] INFO  orangehrm.project.pages.BuzzPage - Share Photos Button clicked
22:58:57.774 [main] INFO  orangehrm.project.pages.BuzzPage - Text inserted to What's on your mind
22:58:57.839 [main] INFO  orangehrm.project.pages.BuzzPage - Image successfully uploaded
22:59:24.773 [main] INFO  orangehrm.project.pages.LoginPage - Login Successful
22:59:26.171 [main] INFO  orangehrm.project.pages.BuzzPage - Share Photos Button clicked
22:59:26.301 [main] INFO  orangehrm.project.pages.BuzzPage - Text inserted to What's on your mind
22:59:26.366 [main] INFO  orangehrm.project.pages.BuzzPage - Image successfully uploaded
23:02:19.295 [main] INFO  orangehrm.project.pages.LoginPage - Login Successful
23:02:20.737 [main] INFO  orangehrm.project.pages.BuzzPage - Share Photos Button clicked
23:02:20.880 [main] INFO  orangehrm.project.pages.BuzzPage - Text inserted to What's on your mind
23:02:20.955 [main] INFO  orangehrm.project.pages.BuzzPage - Image successfully uploaded
23:03:15.486 [main] INFO  orangehrm.project.pages.LoginPage - Login Successful
23:03:17.210 [main] INFO  orangehrm.project.pages.BuzzPage - Share Photos Button clicked
23:03:17.343 [main] INFO  orangehrm.project.pages.BuzzPage - Text inserted to What's on your mind
23:03:17.411 [main] INFO  orangehrm.project.pages.BuzzPage - Image successfully uploaded
23:03:17.704 [main] INFO  orangehrm.project.pages.BuzzPage - Share button clicked
23:04:12.342 [main] INFO  orangehrm.project.pages.LoginPage - Login Successful
23:04:13.932 [main] INFO  orangehrm.project.pages.BuzzPage - Share Photos Button clicked
23:04:14.042 [main] INFO  orangehrm.project.pages.BuzzPage - Text inserted to What's on your mind
23:04:14.097 [main] INFO  orangehrm.project.pages.BuzzPage - Image successfully uploaded
23:04:14.378 [main] INFO  orangehrm.project.pages.BuzzPage - Share button clicked
23:05:44.510 [main] INFO  orangehrm.project.pages.LoginPage - Login Successful
23:05:46.436 [main] INFO  orangehrm.project.pages.BuzzPage - Share Photos Button clicked
23:05:46.598 [main] INFO  orangehrm.project.pages.BuzzPage - Text inserted to What's on your mind
23:05:46.664 [main] INFO  orangehrm.project.pages.BuzzPage - Image successfully uploaded
23:05:52.704 [main] INFO  orangehrm.project.pages.BuzzPage - Share button clicked
23:13:03.225 [main] INFO  orangehrm.project.pages.LoginPage - Login Successful
23:13:06.440 [main] INFO  orangehrm.project.pages.BuzzPage - Share Photos Button clicked
23:13:06.569 [main] INFO  orangehrm.project.pages.BuzzPage - Text inserted to What's on your mind
23:13:06.630 [main] INFO  orangehrm.project.pages.BuzzPage - Image successfully uploaded
23:16:25.093 [main] INFO  orangehrm.project.pages.LoginPage - Login Successful
23:16:26.538 [main] INFO  orangehrm.project.pages.BuzzPage - Share Photos Button clicked
23:16:26.652 [main] INFO  orangehrm.project.pages.BuzzPage - Text inserted to What's on your mind
23:16:26.715 [main] INFO  orangehrm.project.pages.BuzzPage - Image successfully uploaded
23:16:50.824 [main] INFO  orangehrm.project.pages.LoginPage - Login Successful
23:16:52.276 [main] INFO  orangehrm.project.pages.BuzzPage - Share Photos Button clicked
23:16:52.380 [main] INFO  orangehrm.project.pages.BuzzPage - Text inserted to What's on your mind
23:16:52.433 [main] INFO  orangehrm.project.pages.BuzzPage - Image successfully uploaded
23:16:52.731 [main] INFO  orangehrm.project.pages.BuzzPage - Share button clicked
23:42:42.196 [main] INFO  orangehrm.project.pages.LoginPage - Login Successful
23:42:43.747 [main] INFO  orangehrm.project.pages.BuzzPage - Share Photos Button clicked
23:42:43.874 [main] INFO  orangehrm.project.pages.BuzzPage - Text inserted to What's on your mind
23:42:43.927 [main] INFO  orangehrm.project.pages.BuzzPage - Image successfully uploaded
23:47:20.510 [main] INFO  orangehrm.project.pages.LoginPage - Login Successful
23:47:22.039 [main] INFO  orangehrm.project.pages.BuzzPage - Share Photos Button clicked
23:47:22.149 [main] INFO  orangehrm.project.pages.BuzzPage - Text inserted to What's on your mind
23:48:14.190 [main] INFO  orangehrm.project.pages.LoginPage - Login Successful
23:48:15.952 [main] INFO  orangehrm.project.pages.BuzzPage - Share Photos Button clicked
23:48:16.079 [main] INFO  orangehrm.project.pages.BuzzPage - Text inserted to What's on your mind
23:49:22.170 [main] INFO  orangehrm.project.pages.LoginPage - Login Successful
23:49:23.531 [main] INFO  orangehrm.project.pages.BuzzPage - Share Photos Button clicked
23:49:23.659 [main] INFO  orangehrm.project.pages.BuzzPage - Text inserted to What's on your mind
23:49:24.012 [main] INFO  orangehrm.project.pages.BuzzPage - Share button clicked
23:49:24.012 [main] INFO  orangehrm.project.pages.BuzzPage - Image successfully uploaded
23:51:43.380 [main] INFO  orangehrm.project.pages.LoginPage - Login Successful
23:51:44.786 [main] INFO  orangehrm.project.pages.BuzzPage - Share Photos Button clicked
23:51:44.904 [main] INFO  orangehrm.project.pages.BuzzPage - Text inserted to What's on your mind
23:53:11.032 [main] INFO  orangehrm.project.pages.LoginPage - Login Successful
23:53:12.457 [main] INFO  orangehrm.project.pages.BuzzPage - Share Photos Button clicked
23:53:12.563 [main] INFO  orangehrm.project.pages.BuzzPage - Text inserted to What's on your mind
23:53:12.618 [main] INFO  orangehrm.project.pages.BuzzPage - Image successfully uploaded
00:31:43.606 [main] INFO  orangehrm.project.pages.LoginPage - Login Successful
00:33:44.638 [main] INFO  orangehrm.project.pages.LoginPage - Login Successful
00:40:13.476 [main] INFO  orangehrm.project.pages.LoginPage - Login Successful
00:44:10.423 [main] INFO  orangehrm.project.pages.LoginPage - Login Successful
00:44:11.826 [main] INFO  orangehrm.project.pages.BuzzPage - Most recent post button clicked
00:44:12.439 [main] INFO  orangehrm.project.pages.BuzzPage - Comment icon clicked
00:44:13.513 [main] INFO  orangehrm.project.pages.BuzzPage - Toast message successfully captured
00:45:20.969 [main] INFO  orangehrm.project.pages.LoginPage - Login Successful
00:45:22.459 [main] INFO  orangehrm.project.pages.BuzzPage - Most recent post button clicked
00:45:23.203 [main] INFO  orangehrm.project.pages.BuzzPage - Comment icon clicked
00:45:23.853 [main] INFO  orangehrm.project.pages.BuzzPage - Toast message successfully captured
00:53:15.280 [main] INFO  orangehrm.project.pages.LoginPage - Login Successful
00:53:17.589 [main] INFO  orangehrm.project.pages.AdminPage - Job Titles is selected from JobDropDown
00:53:18.291 [main] INFO  orangehrm.project.pages.AdminPage - Add button clicked
00:53:18.650 [main] INFO  orangehrm.project.pages.AdminPage - JobTitle text typed
00:53:18.709 [main] INFO  orangehrm.project.pages.AdminPage - Job description text typed
00:53:18.764 [main] INFO  orangehrm.project.pages.AdminPage - Note text typed
00:53:18.921 [main] INFO  orangehrm.project.pages.AdminPage - Save button clicked
00:53:19.223 [main] INFO  orangehrm.project.pages.AdminPage - Toast message captured
00:53:22.765 [main] INFO  orangehrm.project.pages.AdminPage - Delete button clicked
00:53:23.017 [main] INFO  orangehrm.project.pages.AdminPage - Toast message captured
00:53:23.017 [main] INFO  orangehrm.project.tests.AdminPageTest - add Then Delete a Job Title test Finished
00:53:29.086 [main] INFO  orangehrm.project.pages.LoginPage - Login Successful
00:53:30.758 [main] INFO  orangehrm.project.pages.AdminPage - text inserted to username
00:53:30.841 [main] INFO  orangehrm.project.pages.AdminPage - Admin selected from dropdown
00:53:30.917 [main] INFO  orangehrm.project.pages.AdminPage - Enable selected from dropdown
00:53:30.957 [main] INFO  orangehrm.project.pages.AdminPage - search button clicked
00:53:31.501 [main] INFO  orangehrm.project.pages.AdminPage - edit button clicked
00:53:32.134 [main] INFO  orangehrm.project.pages.AdminPage - checkbox clicked, and it is displayed
00:53:32.171 [main] INFO  orangehrm.project.pages.AdminPage - checkbox clicked, and it is displayed
00:53:32.171 [main] INFO  orangehrm.project.tests.AdminPageTest - change password check box test finished
00:53:41.551 [main] INFO  orangehrm.project.pages.LoginPage - Login Successful
00:53:44.735 [main] INFO  orangehrm.project.pages.HomePage - Admin exist on the main menu and it is clickable --AdminFromMenu test-- Finished
00:53:50.273 [main] INFO  orangehrm.project.pages.LoginPage - Login Successful
00:53:52.074 [main] INFO  orangehrm.project.pages.HomePage - Leave exist on the main menu and it is clickable --LeaveFromMenu test-- Finished
00:53:56.570 [main] INFO  orangehrm.project.pages.LoginPage - Login Successful
00:53:59.390 [main] INFO  orangehrm.project.pages.HomePage - Time exist on the main menu and it is clickable --TimeFromMenu test-- Finished
00:54:04.725 [main] INFO  orangehrm.project.pages.LoginPage - Login Successful
00:54:06.499 [main] INFO  orangehrm.project.pages.HomePage - Recruitment exist on the main menu and it is clickable --RecruitmentFromMenu test-- Finished
00:54:11.743 [main] INFO  orangehrm.project.pages.LoginPage - Login Successful
00:54:14.816 [main] INFO  orangehrm.project.pages.HomePage - Performance exist on the main menu and it is clickable --PerformanceFromMenu test-- Finished
00:54:20.279 [main] INFO  orangehrm.project.pages.LoginPage - Login Successful
00:54:21.922 [main] INFO  orangehrm.project.pages.HomePage - Dashboard exist on the main menu and it is clickable --DashboardFromMenu test-- Finish
00:54:26.375 [main] INFO  orangehrm.project.pages.LoginPage - Login Successful
00:54:28.919 [main] INFO  orangehrm.project.pages.HomePage - Directory exist on the main menu and it is clickable
00:54:33.646 [main] INFO  orangehrm.project.pages.LoginPage - Login Successful
00:54:36.103 [main] INFO  orangehrm.project.pages.HomePage - Buzz exist on the main menu and it is clickable --BuzzFromMenu test-- Finished
00:54:41.572 [main] INFO  orangehrm.project.pages.LoginPage - Login Successful
00:54:41.572 [main] INFO  orangehrm.project.tests.LoginPageTest - login success
