21:03:27.083 [main] INFO  orangehrm.project.pages.LoginPage - Login button clicked
21:03:27.089 [main] INFO  orangehrm.project.pages.LoginPage - Login Successful
21:03:28.646 [main] INFO  orangehrm.project.pages.HomePage - Click on Recruitment successful
21:03:28.979 [main] INFO  orangehrm.project.pages.HomePage - Recruitment exist on the main menu and it is clickable --RecruitmentFromMenu test-- successfully finished
21:03:33.130 [main] INFO  orangehrm.project.pages.LoginPage - Username set
21:03:33.225 [main] INFO  orangehrm.project.pages.LoginPage - Password set
21:03:34.289 [main] INFO  orangehrm.project.pages.LoginPage - Login button clicked
21:03:34.290 [main] INFO  orangehrm.project.pages.LoginPage - Login Successful
21:03:35.777 [main] INFO  orangehrm.project.pages.HomePage - Click on Performance successful
21:03:36.199 [main] INFO  orangehrm.project.pages.HomePage - Performance exist on the main menu and it is clickable --PerformanceFromMenu test--successfully finished
21:03:40.214 [main] INFO  orangehrm.project.pages.LoginPage - Username set
21:03:40.297 [main] INFO  orangehrm.project.pages.LoginPage - Password set
21:03:41.351 [main] INFO  orangehrm.project.pages.LoginPage - Login button clicked
21:03:41.351 [main] INFO  orangehrm.project.pages.LoginPage - Login Successful
21:03:42.279 [main] INFO  orangehrm.project.pages.HomePage - Click on Dashboard successful
21:03:42.827 [main] INFO  orangehrm.project.pages.HomePage - Dashboard exist on the main menu and it is clickable --DashboardFromMenu test-- successfully finished
21:03:46.863 [main] INFO  orangehrm.project.pages.LoginPage - Username set
21:03:46.950 [main] INFO  orangehrm.project.pages.LoginPage - Password set
21:03:48.112 [main] INFO  orangehrm.project.pages.LoginPage - Login button clicked
21:03:48.112 [main] INFO  orangehrm.project.pages.LoginPage - Login Successful
21:03:49.157 [main] INFO  orangehrm.project.pages.HomePage - Click on Directory successful
21:03:49.539 [main] INFO  orangehrm.project.pages.HomePage - Directory exist on the main menu and it is clickable, test DirectoryFromMenu successfully finished
21:03:53.585 [main] INFO  orangehrm.project.pages.LoginPage - Username set
21:03:53.675 [main] INFO  orangehrm.project.pages.LoginPage - Password set
21:03:54.696 [main] INFO  orangehrm.project.pages.LoginPage - Login button clicked
21:03:54.696 [main] INFO  orangehrm.project.pages.LoginPage - Login Successful
21:03:55.678 [main] INFO  orangehrm.project.pages.HomePage - Click on Buzz successful
21:03:56.065 [main] INFO  orangehrm.project.pages.HomePage - Buzz exist on the main menu and it is clickable --BuzzFromMenu test-- Finished
21:04:00.326 [main] INFO  orangehrm.project.pages.LoginPage - Social media Facebook icon clicked successfully
21:04:01.574 [main] INFO  orangehrm.project.pages.LoginPage$FacebookPage - Focus successfully switched to Facebook
21:04:01.692 [main] INFO  orangehrm.project.pages.LoginPage$FacebookPage - Facebook title successfully captured
21:04:05.924 [main] INFO  orangehrm.project.pages.LoginPage - Social media Linkedin icon clicked successfully
21:04:07.718 [main] INFO  orangehrm.project.pages.LoginPage$LinkedinPage - Focus successfully switched to Linkedin
21:04:07.855 [main] INFO  orangehrm.project.pages.LoginPage$LinkedinPage - Linkedin title successfully captured
21:04:12.127 [main] INFO  orangehrm.project.pages.LoginPage - Username set
21:04:12.208 [main] INFO  orangehrm.project.pages.LoginPage - Password set
21:04:13.237 [main] INFO  orangehrm.project.pages.LoginPage - Login button clicked
21:04:13.238 [main] INFO  orangehrm.project.tests.LoginPageTest - login success
21:04:13.577 [main] INFO  orangehrm.project.pages.LoginPage - User Name is Displayed
21:04:13.577 [main] INFO  orangehrm.project.tests.LoginPageTest - Test LoginTest finished successfully finished
21:04:18.158 [main] INFO  orangehrm.project.pages.LoginPage - Username set
21:04:18.220 [main] INFO  orangehrm.project.pages.LoginPage - Password set
21:04:18.841 [main] INFO  orangehrm.project.pages.LoginPage - Login button clicked
21:04:19.130 [main] INFO  orangehrm.project.pages.LoginPage - Error message captured
21:04:19.130 [main] INFO  orangehrm.project.tests.LoginPageTest - Test LoginTestWithWrongCredentials successfully finished
21:04:23.191 [main] INFO  orangehrm.project.pages.LoginPage - Username set
21:04:23.283 [main] INFO  orangehrm.project.pages.LoginPage - Password set
21:04:23.909 [main] INFO  orangehrm.project.pages.LoginPage - Login button clicked
21:04:24.191 [main] INFO  orangehrm.project.pages.LoginPage - Error message captured
21:04:24.191 [main] INFO  orangehrm.project.tests.LoginPageTest - Test LoginTestWithWrongCredentials successfully finished
21:04:29.001 [main] INFO  orangehrm.project.pages.LoginPage - Username set
21:04:29.072 [main] INFO  orangehrm.project.pages.LoginPage - Password set
21:04:30.025 [main] INFO  orangehrm.project.pages.LoginPage - Login button clicked
21:04:30.283 [main] INFO  orangehrm.project.pages.LoginPage - Error message captured
21:04:30.284 [main] INFO  orangehrm.project.tests.LoginPageTest - Test LoginTestWithWrongCredentials successfully finished
21:04:34.412 [main] INFO  orangehrm.project.pages.LoginPage - Social media http://www.orangehrm.com icon clicked successfully
21:04:36.066 [main] INFO  orangehrm.project.pages.LoginPage$LinkedinPage - Focus successfully switched to http://www.orangehrm.com
21:04:36.069 [main] INFO  orangehrm.project.pages.LoginPage$LinkedinPage - http://www.orangehrm.com title successfully captured
21:04:40.312 [main] INFO  orangehrm.project.pages.LoginPage - ForgotPassword link clicked
21:04:41.654 [main] INFO  orangehrm.project.pages.LoginPage - Reset Password link sent successfully
21:04:41.905 [main] INFO  orangehrm.project.tests.LoginPageTest - Test LoginTest ResetPassword successfully finished
21:04:45.868 [main] INFO  orangehrm.project.pages.LoginPage$TweeterPage - Focus successfully switched to Tweeter
21:04:45.873 [main] INFO  orangehrm.project.pages.LoginPage$TweeterPage - Tweeter title successfully captured
21:04:50.144 [main] INFO  orangehrm.project.pages.LoginPage - Social media YouTube icon clicked successfully
21:04:53.198 [main] INFO  orangehrm.project.pages.LoginPage$YouTubePage - Focus successfully switched to YouTube
21:04:53.452 [main] INFO  orangehrm.project.pages.LoginPage$YouTubePage - YouTube title successfully captured
21:04:57.539 [main] INFO  orangehrm.project.pages.LoginPage - Username set
21:04:57.622 [main] INFO  orangehrm.project.pages.LoginPage - Password set
21:04:58.570 [main] INFO  orangehrm.project.pages.LoginPage - Login button clicked
21:04:58.570 [main] INFO  orangehrm.project.pages.LoginPage - Login Successful
21:05:00.029 [main] INFO  orangehrm.project.pages.HomePage - Click on My Info successful
21:05:01.011 [main] INFO  orangehrm.project.pages.MyInfo - blood type successfully selected and saved
21:05:01.419 [main] INFO  orangehrm.project.pages.MyInfo - Toast message captured
21:05:01.419 [main] INFO  orangehrm.project.tests.MyInfoTest - Test selectBloodType finished successfully
21:55:44.711 [main] INFO  orangehrm.project.pages.LoginPage - Social media Facebook icon clicked successfully
21:55:45.348 [main] INFO  orangehrm.project.pages.LoginPage$FacebookPage - Focus successfully switched to Facebook
21:55:45.380 [main] INFO  orangehrm.project.pages.LoginPage$FacebookPage - Facebook title successfully captured
22:00:29.216 [main] INFO  orangehrm.project.pages.LoginPage - Social media Linkedin icon clicked successfully
22:00:30.567 [main] INFO  orangehrm.project.pages.LoginPage$LinkedinPage - Focus successfully switched to Linkedin
22:00:30.695 [main] INFO  orangehrm.project.pages.LoginPage$LinkedinPage - Linkedin title successfully captured
22:00:58.145 [main] INFO  orangehrm.project.pages.LoginPage$TweeterPage - Focus successfully switched to Tweeter
22:00:58.158 [main] INFO  orangehrm.project.pages.LoginPage$TweeterPage - Tweeter title successfully captured
22:02:53.281 [main] INFO  orangehrm.project.pages.LoginPage - Social media Facebook icon clicked successfully
22:02:53.975 [main] INFO  orangehrm.project.pages.LoginPage$FacebookPage - Focus successfully switched to Facebook
22:02:54.005 [main] INFO  orangehrm.project.pages.LoginPage$FacebookPage - Facebook title successfully captured
22:03:09.510 [main] INFO  orangehrm.project.pages.LoginPage - Social media Facebook icon clicked successfully
22:03:10.167 [main] INFO  orangehrm.project.pages.LoginPage$FacebookPage - Focus successfully switched to Facebook
22:03:10.197 [main] INFO  orangehrm.project.pages.LoginPage$FacebookPage - Facebook title successfully captured
22:03:14.510 [main] INFO  orangehrm.project.pages.LoginPage - Social media Linkedin icon clicked successfully
22:03:15.486 [main] INFO  orangehrm.project.pages.LoginPage$LinkedinPage - Focus successfully switched to Linkedin
22:03:15.490 [main] INFO  orangehrm.project.pages.LoginPage$LinkedinPage - Linkedin title successfully captured
22:03:19.529 [main] INFO  orangehrm.project.pages.LoginPage - Username set
22:03:19.606 [main] INFO  orangehrm.project.pages.LoginPage - Password set
22:03:20.591 [main] INFO  orangehrm.project.pages.LoginPage - Login button clicked
22:03:20.591 [main] INFO  orangehrm.project.tests.LoginPageTest - login success
22:03:20.903 [main] INFO  orangehrm.project.pages.LoginPage - User Name is Displayed
22:03:20.903 [main] INFO  orangehrm.project.tests.LoginPageTest - Test LoginTest finished successfully finished
22:03:25.914 [main] INFO  orangehrm.project.pages.LoginPage - Username set
22:03:25.980 [main] INFO  orangehrm.project.pages.LoginPage - Password set
22:03:26.874 [main] INFO  orangehrm.project.pages.LoginPage - Login button clicked
22:03:27.134 [main] INFO  orangehrm.project.pages.LoginPage - Error message captured
22:03:27.134 [main] INFO  orangehrm.project.tests.LoginPageTest - Test LoginTestWithWrongCredentials successfully finished
22:03:31.068 [main] INFO  orangehrm.project.pages.LoginPage - Username set
22:03:31.147 [main] INFO  orangehrm.project.pages.LoginPage - Password set
22:03:31.213 [main] INFO  orangehrm.project.pages.LoginPage - Login button clicked
22:03:32.038 [main] INFO  orangehrm.project.pages.LoginPage - Error message captured
