20:41:02.530 [main] INFO  orangehrm.project.pages.BuzzPage - Most recent post button clicked
20:41:03.112 [main] INFO  orangehrm.project.pages.BuzzPage - Comment icon clicked
20:41:03.676 [main] INFO  orangehrm.project.pages.BuzzPage - Toast message successfully captured
20:41:03.676 [main] INFO  orangehrm.project.tests.BuzzPageTest - Test addCommentToMostRecentPost finished successfully
20:41:08.038 [main] INFO  orangehrm.project.pages.LoginPage - Username set
20:41:08.191 [main] INFO  orangehrm.project.pages.LoginPage - Password set
20:41:09.424 [main] INFO  orangehrm.project.pages.LoginPage - Login button clicked
20:41:09.424 [main] INFO  orangehrm.project.pages.LoginPage - Login Successful
20:41:11.116 [main] INFO  orangehrm.project.pages.HomePage - Click on admin successful
20:41:11.615 [main] INFO  orangehrm.project.pages.HomePage - Admin exist on the main menu and it is clickable --AdminFromMenu test--successfully finished
20:41:15.725 [main] INFO  orangehrm.project.pages.LoginPage - Username set
20:41:15.799 [main] INFO  orangehrm.project.pages.LoginPage - Password set
20:41:16.748 [main] INFO  orangehrm.project.pages.LoginPage - Login button clicked
20:41:16.749 [main] INFO  orangehrm.project.pages.LoginPage - Login Successful
20:41:18.161 [main] INFO  orangehrm.project.pages.HomePage - Click on Leave successful
20:41:18.613 [main] INFO  orangehrm.project.pages.HomePage - Leave exist on the main menu and it is clickable --LeaveFromMenu test-- successfully finished
20:41:22.848 [main] INFO  orangehrm.project.pages.LoginPage - Username set
20:41:22.959 [main] INFO  orangehrm.project.pages.LoginPage - Password set
20:41:23.950 [main] INFO  orangehrm.project.pages.LoginPage - Login button clicked
20:41:23.950 [main] INFO  orangehrm.project.pages.LoginPage - Login Successful
20:41:25.371 [main] INFO  orangehrm.project.pages.HomePage - Click on Time successful
20:41:25.804 [main] INFO  orangehrm.project.pages.HomePage - Time exist on the main menu and it is clickable --TimeFromMenu test-- successfully finished
20:41:30.255 [main] INFO  orangehrm.project.pages.LoginPage - Username set
20:41:30.356 [main] INFO  orangehrm.project.pages.LoginPage - Password set
20:41:31.335 [main] INFO  orangehrm.project.pages.LoginPage - Login button clicked
20:41:31.335 [main] INFO  orangehrm.project.pages.LoginPage - Login Successful
20:41:32.551 [main] INFO  orangehrm.project.pages.HomePage - Click on Recruitment successful
20:41:33.106 [main] INFO  orangehrm.project.pages.HomePage - Recruitment exist on the main menu and it is clickable --RecruitmentFromMenu test-- successfully finished
20:41:37.272 [main] INFO  orangehrm.project.pages.LoginPage - Username set
20:41:37.367 [main] INFO  orangehrm.project.pages.LoginPage - Password set
20:41:38.363 [main] INFO  orangehrm.project.pages.LoginPage - Login button clicked
20:41:38.364 [main] INFO  orangehrm.project.pages.LoginPage - Login Successful
20:41:39.603 [main] INFO  orangehrm.project.pages.HomePage - Click on Performance successful
20:41:40.070 [main] INFO  orangehrm.project.pages.HomePage - Performance exist on the main menu and it is clickable --PerformanceFromMenu test--successfully finished
20:41:44.335 [main] INFO  orangehrm.project.pages.LoginPage - Username set
20:41:44.433 [main] INFO  orangehrm.project.pages.LoginPage - Password set
20:41:45.406 [main] INFO  orangehrm.project.pages.LoginPage - Login button clicked
20:41:45.407 [main] INFO  orangehrm.project.pages.LoginPage - Login Successful
20:41:46.540 [main] INFO  orangehrm.project.pages.HomePage - Click on Dashboard successful
20:41:47.014 [main] INFO  orangehrm.project.pages.HomePage - Dashboard exist on the main menu and it is clickable --DashboardFromMenu test-- successfully finished
20:41:51.252 [main] INFO  orangehrm.project.pages.LoginPage - Username set
20:41:51.343 [main] INFO  orangehrm.project.pages.LoginPage - Password set
20:41:51.391 [main] INFO  orangehrm.project.pages.LoginPage - Login button clicked
20:41:51.392 [main] INFO  orangehrm.project.pages.LoginPage - Login Successful
20:41:53.365 [main] INFO  orangehrm.project.pages.HomePage - Click on Directory successful
20:41:53.849 [main] INFO  orangehrm.project.pages.HomePage - Directory exist on the main menu and it is clickable, test DirectoryFromMenu successfully finished
20:41:57.911 [main] INFO  orangehrm.project.pages.LoginPage - Username set
20:41:57.989 [main] INFO  orangehrm.project.pages.LoginPage - Password set
20:41:58.985 [main] INFO  orangehrm.project.pages.LoginPage - Login button clicked
20:41:58.986 [main] INFO  orangehrm.project.pages.LoginPage - Login Successful
20:41:59.972 [main] INFO  orangehrm.project.pages.HomePage - Click on Buzz successful
20:42:00.610 [main] INFO  orangehrm.project.pages.HomePage - Buzz exist on the main menu and it is clickable --BuzzFromMenu test-- Finished
20:42:04.845 [main] INFO  orangehrm.project.pages.LoginPage - Social media Facebook icon clicked successfully
20:42:05.472 [main] INFO  orangehrm.project.pages.LoginPage$FacebookPage - Focus successfully switched to Facebook
20:42:05.502 [main] INFO  orangehrm.project.pages.LoginPage$FacebookPage - Facebook title successfully captured
20:42:09.771 [main] INFO  orangehrm.project.pages.LoginPage - Social media Linkedin icon clicked successfully
20:42:10.897 [main] INFO  orangehrm.project.pages.LoginPage$LinkedinPage - Focus successfully switched to Linkedin
20:42:11.030 [main] INFO  orangehrm.project.pages.LoginPage$LinkedinPage - Linkedin title successfully captured
20:42:15.407 [main] INFO  orangehrm.project.pages.LoginPage - Username set
20:42:15.486 [main] INFO  orangehrm.project.pages.LoginPage - Password set
20:42:16.711 [main] INFO  orangehrm.project.pages.LoginPage - Login button clicked
20:42:16.711 [main] INFO  orangehrm.project.tests.LoginPageTest - login success
20:42:17.027 [main] INFO  orangehrm.project.pages.LoginPage - User Name is Displayed
20:42:17.027 [main] INFO  orangehrm.project.tests.LoginPageTest - Test LoginTest finished successfully finished
20:42:21.523 [main] INFO  orangehrm.project.pages.LoginPage - Username set
20:42:21.581 [main] INFO  orangehrm.project.pages.LoginPage - Password set
20:42:22.181 [main] INFO  orangehrm.project.pages.LoginPage - Login button clicked
20:42:22.455 [main] INFO  orangehrm.project.pages.LoginPage - Error message captured
20:42:22.455 [main] INFO  orangehrm.project.tests.LoginPageTest - Test LoginTestWithWrongCredentials successfully finished
20:42:26.467 [main] INFO  orangehrm.project.pages.LoginPage - Username set
20:42:26.565 [main] INFO  orangehrm.project.pages.LoginPage - Password set
20:42:26.626 [main] INFO  orangehrm.project.pages.LoginPage - Login button clicked
20:42:27.441 [main] INFO  orangehrm.project.pages.LoginPage - Error message captured
20:42:27.442 [main] INFO  orangehrm.project.tests.LoginPageTest - Test LoginTestWithWrongCredentials successfully finished
20:42:31.508 [main] INFO  orangehrm.project.pages.LoginPage - Username set
20:42:31.609 [main] INFO  orangehrm.project.pages.LoginPage - Password set
20:42:32.526 [main] INFO  orangehrm.project.pages.LoginPage - Login button clicked
20:42:32.803 [main] INFO  orangehrm.project.pages.LoginPage - Error message captured
20:42:32.803 [main] INFO  orangehrm.project.tests.LoginPageTest - Test LoginTestWithWrongCredentials successfully finished
20:42:37.032 [main] INFO  orangehrm.project.pages.LoginPage - Social media http://www.orangehrm.com icon clicked successfully
20:42:38.870 [main] INFO  orangehrm.project.pages.LoginPage$LinkedinPage - Focus successfully switched to http://www.orangehrm.com
20:42:38.875 [main] INFO  orangehrm.project.pages.LoginPage$LinkedinPage - http://www.orangehrm.com title successfully captured
20:42:43.512 [main] INFO  orangehrm.project.pages.LoginPage - ForgotPassword link clicked
20:42:44.973 [main] INFO  orangehrm.project.pages.LoginPage - Reset Password link sent successfully
20:42:45.231 [main] INFO  orangehrm.project.tests.LoginPageTest - Test LoginTest ResetPassword successfully finished
20:42:49.792 [main] INFO  orangehrm.project.pages.LoginPage$TweeterPage - Focus successfully switched to Tweeter
20:42:49.801 [main] INFO  orangehrm.project.pages.LoginPage$TweeterPage - Tweeter title successfully captured
20:42:54.286 [main] INFO  orangehrm.project.pages.LoginPage - Social media YouTube icon clicked successfully
20:42:57.587 [main] INFO  orangehrm.project.pages.LoginPage$YouTubePage - Focus successfully switched to YouTube
20:42:57.856 [main] INFO  orangehrm.project.pages.LoginPage$YouTubePage - YouTube title successfully captured
20:43:01.819 [main] INFO  orangehrm.project.pages.LoginPage - Username set
20:43:01.910 [main] INFO  orangehrm.project.pages.LoginPage - Password set
20:43:02.896 [main] INFO  orangehrm.project.pages.LoginPage - Login button clicked
20:43:02.896 [main] INFO  orangehrm.project.pages.LoginPage - Login Successful
20:43:04.404 [main] INFO  orangehrm.project.pages.HomePage - Click on My Info successful
20:43:05.150 [main] INFO  orangehrm.project.pages.MyInfo - blood type successfully selected and saved
20:43:05.558 [main] INFO  orangehrm.project.pages.MyInfo - Toast message captured
20:43:05.558 [main] INFO  orangehrm.project.tests.MyInfoTest - Test selectBloodType finished successfully
20:45:16.325 [main] INFO  orangehrm.project.pages.LoginPage - Username set
20:45:16.427 [main] INFO  orangehrm.project.pages.LoginPage - Password set
20:45:17.529 [main] INFO  orangehrm.project.pages.LoginPage - Login button clicked
20:45:17.529 [main] INFO  orangehrm.project.pages.LoginPage - Login Successful
20:45:19.134 [main] INFO  orangehrm.project.pages.HomePage - Click on Admin successful
20:45:19.984 [main] INFO  orangehrm.project.pages.AdminPage - Job Titles is selected from JobDropDown
20:45:20.724 [main] INFO  orangehrm.project.pages.AdminPage - Add button clicked
20:45:21.087 [main] INFO  orangehrm.project.pages.AdminPage - JobTitle text typed
20:45:21.149 [main] INFO  orangehrm.project.pages.AdminPage - Job description text typed
20:45:21.244 [main] INFO  orangehrm.project.pages.AdminPage - Note text typed
20:45:21.352 [main] INFO  orangehrm.project.pages.AdminPage - Save button clicked
20:45:21.649 [main] INFO  orangehrm.project.pages.AdminPage - Toast message captured
