20:45:25.182 [main] INFO  orangehrm.project.pages.AdminPage - Delete button clicked
20:45:25.481 [main] INFO  orangehrm.project.pages.AdminPage - Toast message captured
20:45:25.481 [main] INFO  orangehrm.project.tests.AdminPageTest - add Then Delete a Job Title test Finished
20:45:30.507 [main] INFO  orangehrm.project.pages.LoginPage - Username set
20:45:30.591 [main] INFO  orangehrm.project.pages.LoginPage - Password set
20:45:31.660 [main] INFO  orangehrm.project.pages.LoginPage - Login button clicked
20:45:31.660 [main] INFO  orangehrm.project.pages.LoginPage - Login Successful
20:45:33.122 [main] INFO  orangehrm.project.pages.HomePage - Click on Admin successful
20:45:33.487 [main] INFO  orangehrm.project.pages.AdminPage - text set to username
20:45:33.571 [main] INFO  orangehrm.project.pages.AdminPage - Admin selected from dropdown
20:45:33.654 [main] INFO  orangehrm.project.pages.AdminPage - Enable selected from dropdown
20:45:33.719 [main] INFO  orangehrm.project.pages.AdminPage - search button clicked
20:45:34.198 [main] INFO  orangehrm.project.pages.AdminPage - edit button clicked
20:45:34.809 [main] INFO  orangehrm.project.pages.AdminPage - checkbox clicked, and it is displayed
20:45:34.810 [main] INFO  orangehrm.project.tests.AdminPageTest - change password check box test finished
20:45:38.925 [main] INFO  orangehrm.project.pages.LoginPage - Username set
20:45:39.014 [main] INFO  orangehrm.project.pages.LoginPage - Password set
20:45:40.030 [main] INFO  orangehrm.project.pages.LoginPage - Login button clicked
20:45:40.031 [main] INFO  orangehrm.project.pages.LoginPage - Login Successful
20:45:41.250 [main] INFO  orangehrm.project.pages.HomePage - Click on Buzz successful
20:45:41.875 [main] INFO  orangehrm.project.pages.BuzzPage - Most recent post button clicked
20:45:42.714 [main] INFO  orangehrm.project.pages.BuzzPage - Comment icon clicked
20:45:43.419 [main] INFO  orangehrm.project.pages.BuzzPage - Toast message successfully captured
20:45:43.419 [main] INFO  orangehrm.project.tests.BuzzPageTest - Test addCommentToMostRecentPost finished successfully
20:45:47.503 [main] INFO  orangehrm.project.pages.LoginPage - Username set
20:45:47.582 [main] INFO  orangehrm.project.pages.LoginPage - Password set
20:45:48.561 [main] INFO  orangehrm.project.pages.LoginPage - Login button clicked
20:45:48.561 [main] INFO  orangehrm.project.pages.LoginPage - Login Successful
20:45:50.006 [main] INFO  orangehrm.project.pages.HomePage - Click on admin successful
20:45:50.415 [main] INFO  orangehrm.project.pages.HomePage - Admin exist on the main menu and it is clickable --AdminFromMenu test--successfully finished
20:45:54.446 [main] INFO  orangehrm.project.pages.LoginPage - Username set
20:45:54.528 [main] INFO  orangehrm.project.pages.LoginPage - Password set
20:45:55.473 [main] INFO  orangehrm.project.pages.LoginPage - Login button clicked
20:45:55.473 [main] INFO  orangehrm.project.pages.LoginPage - Login Successful
20:45:56.760 [main] INFO  orangehrm.project.pages.HomePage - Click on Leave successful
20:45:57.176 [main] INFO  orangehrm.project.pages.HomePage - Leave exist on the main menu and it is clickable --LeaveFromMenu test-- successfully finished
20:46:01.531 [main] INFO  orangehrm.project.pages.LoginPage - Username set
20:46:01.603 [main] INFO  orangehrm.project.pages.LoginPage - Password set
20:46:02.565 [main] INFO  orangehrm.project.pages.LoginPage - Login button clicked
20:46:02.565 [main] INFO  orangehrm.project.pages.LoginPage - Login Successful
20:46:03.828 [main] INFO  orangehrm.project.pages.HomePage - Click on Time successful
20:46:04.270 [main] INFO  orangehrm.project.pages.HomePage - Time exist on the main menu and it is clickable --TimeFromMenu test-- successfully finished
20:46:08.299 [main] INFO  orangehrm.project.pages.LoginPage - Username set
20:46:08.370 [main] INFO  orangehrm.project.pages.LoginPage - Password set
20:46:09.680 [main] INFO  orangehrm.project.pages.LoginPage - Login button clicked
20:46:09.680 [main] INFO  orangehrm.project.pages.LoginPage - Login Successful
20:46:11.392 [main] INFO  orangehrm.project.pages.HomePage - Click on Recruitment successful
20:46:11.801 [main] INFO  orangehrm.project.pages.HomePage - Recruitment exist on the main menu and it is clickable --RecruitmentFromMenu test-- successfully finished
20:46:15.720 [main] INFO  orangehrm.project.pages.LoginPage - Username set
20:46:15.791 [main] INFO  orangehrm.project.pages.LoginPage - Password set
20:46:16.774 [main] INFO  orangehrm.project.pages.LoginPage - Login button clicked
20:46:16.774 [main] INFO  orangehrm.project.pages.LoginPage - Login Successful
20:46:18.075 [main] INFO  orangehrm.project.pages.HomePage - Click on Performance successful
20:46:18.581 [main] INFO  orangehrm.project.pages.HomePage - Performance exist on the main menu and it is clickable --PerformanceFromMenu test--successfully finished
20:46:23.468 [main] INFO  orangehrm.project.pages.LoginPage - Username set
20:46:23.542 [main] INFO  orangehrm.project.pages.LoginPage - Password set
20:46:24.612 [main] INFO  orangehrm.project.pages.LoginPage - Login button clicked
20:46:24.612 [main] INFO  orangehrm.project.pages.LoginPage - Login Successful
20:46:25.483 [main] INFO  orangehrm.project.pages.HomePage - Click on Dashboard successful
20:46:26.039 [main] INFO  orangehrm.project.pages.HomePage - Dashboard exist on the main menu and it is clickable --DashboardFromMenu test-- successfully finished
20:46:30.076 [main] INFO  orangehrm.project.pages.LoginPage - Username set
20:46:30.152 [main] INFO  orangehrm.project.pages.LoginPage - Password set
20:46:31.486 [main] INFO  orangehrm.project.pages.LoginPage - Login button clicked
20:46:31.486 [main] INFO  orangehrm.project.pages.LoginPage - Login Successful
20:46:32.376 [main] INFO  orangehrm.project.pages.HomePage - Click on Directory successful
20:46:32.910 [main] INFO  orangehrm.project.pages.HomePage - Directory exist on the main menu and it is clickable, test DirectoryFromMenu successfully finished
20:46:38.378 [main] INFO  orangehrm.project.pages.LoginPage - Username set
20:46:38.446 [main] INFO  orangehrm.project.pages.LoginPage - Password set
20:46:39.422 [main] INFO  orangehrm.project.pages.LoginPage - Login button clicked
20:46:39.423 [main] INFO  orangehrm.project.pages.LoginPage - Login Successful
20:46:40.644 [main] INFO  orangehrm.project.pages.HomePage - Click on Buzz successful
20:46:41.101 [main] INFO  orangehrm.project.pages.HomePage - Buzz exist on the main menu and it is clickable --BuzzFromMenu test-- Finished
20:46:45.150 [main] INFO  orangehrm.project.pages.LoginPage - Social media Facebook icon clicked successfully
20:46:45.777 [main] INFO  orangehrm.project.pages.LoginPage$FacebookPage - Focus successfully switched to Facebook
20:46:45.811 [main] INFO  orangehrm.project.pages.LoginPage$FacebookPage - Facebook title successfully captured
20:46:49.816 [main] INFO  orangehrm.project.pages.LoginPage - Social media Linkedin icon clicked successfully
20:46:50.705 [main] INFO  orangehrm.project.pages.LoginPage$LinkedinPage - Focus successfully switched to Linkedin
20:46:50.711 [main] INFO  orangehrm.project.pages.LoginPage$LinkedinPage - Linkedin title successfully captured
20:46:54.995 [main] INFO  orangehrm.project.pages.LoginPage - Username set
20:46:55.075 [main] INFO  orangehrm.project.pages.LoginPage - Password set
20:46:55.123 [main] INFO  orangehrm.project.pages.LoginPage - Login button clicked
20:46:55.124 [main] INFO  orangehrm.project.tests.LoginPageTest - login success
20:46:56.448 [main] INFO  orangehrm.project.pages.LoginPage - User Name is Displayed
20:46:56.449 [main] INFO  orangehrm.project.tests.LoginPageTest - Test LoginTest finished successfully finished
20:47:00.940 [main] INFO  orangehrm.project.pages.LoginPage - Username set
20:47:00.998 [main] INFO  orangehrm.project.pages.LoginPage - Password set
20:47:01.631 [main] INFO  orangehrm.project.pages.LoginPage - Login button clicked
20:47:01.892 [main] INFO  orangehrm.project.pages.LoginPage - Error message captured
20:47:01.892 [main] INFO  orangehrm.project.tests.LoginPageTest - Test LoginTestWithWrongCredentials successfully finished
20:47:06.023 [main] INFO  orangehrm.project.pages.LoginPage - Username set
20:47:06.102 [main] INFO  orangehrm.project.pages.LoginPage - Password set
20:47:06.809 [main] INFO  orangehrm.project.pages.LoginPage - Login button clicked
20:47:07.082 [main] INFO  orangehrm.project.pages.LoginPage - Error message captured
20:47:07.082 [main] INFO  orangehrm.project.tests.LoginPageTest - Test LoginTestWithWrongCredentials successfully finished
20:47:12.257 [main] INFO  orangehrm.project.pages.LoginPage - Username set
20:47:12.333 [main] INFO  orangehrm.project.pages.LoginPage - Password set
20:47:13.338 [main] INFO  orangehrm.project.pages.LoginPage - Login button clicked
20:47:13.602 [main] INFO  orangehrm.project.pages.LoginPage - Error message captured
20:47:13.602 [main] INFO  orangehrm.project.tests.LoginPageTest - Test LoginTestWithWrongCredentials successfully finished
20:47:18.030 [main] INFO  orangehrm.project.pages.LoginPage - Social media http://www.orangehrm.com icon clicked successfully
20:47:19.553 [main] INFO  orangehrm.project.pages.LoginPage$LinkedinPage - Focus successfully switched to http://www.orangehrm.com
20:47:19.563 [main] INFO  orangehrm.project.pages.LoginPage$LinkedinPage - http://www.orangehrm.com title successfully captured
20:47:24.094 [main] INFO  orangehrm.project.pages.LoginPage - ForgotPassword link clicked
20:47:25.442 [main] INFO  orangehrm.project.pages.LoginPage - Reset Password link sent successfully
20:47:25.699 [main] INFO  orangehrm.project.tests.LoginPageTest - Test LoginTest ResetPassword successfully finished
20:47:30.664 [main] INFO  orangehrm.project.pages.LoginPage$TweeterPage - Focus successfully switched to Tweeter
20:47:30.669 [main] INFO  orangehrm.project.pages.LoginPage$TweeterPage - Tweeter title successfully captured
20:47:34.854 [main] INFO  orangehrm.project.pages.LoginPage - Social media YouTube icon clicked successfully
20:47:39.210 [main] INFO  orangehrm.project.pages.LoginPage$YouTubePage - Focus successfully switched to YouTube
20:47:39.226 [main] INFO  orangehrm.project.pages.LoginPage$YouTubePage - YouTube title successfully captured
