15:34:34.594 [main] INFO  orangehrm.project.pages.LoginPage - Social media Linkedin icon clicked successfully
15:36:12.536 [main] INFO  orangehrm.project.pages.LoginPage - Social media Linkedin icon clicked successfully
15:36:55.948 [main] INFO  orangehrm.project.pages.LoginPage - Social media Linkedin icon clicked successfully
15:38:58.429 [main] INFO  orangehrm.project.pages.LoginPage - Social media Linkedin icon clicked successfully
15:49:53.244 [main] INFO  orangehrm.project.pages.LoginPage - Social media Linkedin icon clicked successfully
15:50:41.650 [main] INFO  orangehrm.project.pages.LoginPage - Social media Linkedin icon clicked successfully
16:02:09.936 [main] INFO  orangehrm.project.pages.LoginPage - Social media Linkedin icon clicked successfully
16:26:34.982 [main] INFO  orangehrm.project.pages.LoginPage - Social media Facebook icon clicked successfully
16:26:41.000 [main] INFO  orangehrm.project.pages.LoginPage - Social media Linkedin icon clicked successfully
16:26:46.983 [main] INFO  orangehrm.project.pages.LoginPage - Username set
16:26:47.090 [main] INFO  orangehrm.project.pages.LoginPage - Password set
16:26:48.141 [main] INFO  orangehrm.project.pages.LoginPage - Login button clicked
16:26:48.142 [main] INFO  orangehrm.project.tests.LoginPageTest - login success
16:26:48.456 [main] INFO  orangehrm.project.pages.LoginPage - User Name is Displayed
16:26:48.456 [main] INFO  orangehrm.project.tests.LoginPageTest - Test LoginTest finished successfully finished
16:26:53.344 [main] INFO  orangehrm.project.pages.LoginPage - Username set
16:26:53.403 [main] INFO  orangehrm.project.pages.LoginPage - Password set
16:26:53.991 [main] INFO  orangehrm.project.pages.LoginPage - Login button clicked
16:26:54.249 [main] INFO  orangehrm.project.pages.LoginPage - Error message captured
16:26:54.249 [main] INFO  orangehrm.project.tests.LoginPageTest - Test LoginTestWithWrongCredentials successfully finished
16:26:58.391 [main] INFO  orangehrm.project.pages.LoginPage - Username set
16:26:58.474 [main] INFO  orangehrm.project.pages.LoginPage - Password set
16:26:59.081 [main] INFO  orangehrm.project.pages.LoginPage - Login button clicked
16:26:59.351 [main] INFO  orangehrm.project.pages.LoginPage - Error message captured
16:26:59.351 [main] INFO  orangehrm.project.tests.LoginPageTest - Test LoginTestWithWrongCredentials successfully finished
16:27:03.289 [main] INFO  orangehrm.project.pages.LoginPage - Username set
16:27:03.371 [main] INFO  orangehrm.project.pages.LoginPage - Password set
16:27:03.428 [main] INFO  orangehrm.project.pages.LoginPage - Login button clicked
16:27:04.575 [main] INFO  orangehrm.project.pages.LoginPage - Error message captured
16:27:04.576 [main] INFO  orangehrm.project.tests.LoginPageTest - Test LoginTestWithWrongCredentials successfully finished
16:27:09.187 [main] INFO  orangehrm.project.pages.LoginPage - ForgotPassword link clicked
16:27:10.708 [main] INFO  orangehrm.project.pages.LoginPage - Reset Password link sent successfully
16:27:10.972 [main] INFO  orangehrm.project.tests.LoginPageTest - Test LoginTest ResetPassword successfully finished
16:27:19.336 [main] INFO  orangehrm.project.pages.LoginPage - Social media YouTube icon clicked successfully
16:36:07.564 [main] INFO  orangehrm.project.pages.LoginPage - Social media Linkedin icon clicked successfully
16:36:55.200 [main] INFO  orangehrm.project.pages.LoginPage - Social media Facebook icon clicked successfully
16:37:38.023 [main] INFO  orangehrm.project.pages.LoginPage - Social media YouTube icon clicked successfully
16:38:56.592 [main] INFO  orangehrm.project.pages.LoginPage - Social media Facebook icon clicked successfully
16:39:01.957 [main] INFO  orangehrm.project.pages.LoginPage - Social media Linkedin icon clicked successfully
16:39:07.222 [main] INFO  orangehrm.project.pages.LoginPage - Username set
16:39:07.319 [main] INFO  orangehrm.project.pages.LoginPage - Password set
16:39:08.453 [main] INFO  orangehrm.project.pages.LoginPage - Login button clicked
16:39:08.453 [main] INFO  orangehrm.project.tests.LoginPageTest - login success
16:39:08.958 [main] INFO  orangehrm.project.pages.LoginPage - User Name is Displayed
16:39:08.959 [main] INFO  orangehrm.project.tests.LoginPageTest - Test LoginTest finished successfully finished
16:39:13.602 [main] INFO  orangehrm.project.pages.LoginPage - Username set
16:39:13.670 [main] INFO  orangehrm.project.pages.LoginPage - Password set
16:39:14.266 [main] INFO  orangehrm.project.pages.LoginPage - Login button clicked
16:39:14.527 [main] INFO  orangehrm.project.pages.LoginPage - Error message captured
16:39:14.527 [main] INFO  orangehrm.project.tests.LoginPageTest - Test LoginTestWithWrongCredentials successfully finished
16:39:18.549 [main] INFO  orangehrm.project.pages.LoginPage - Username set
16:39:18.631 [main] INFO  orangehrm.project.pages.LoginPage - Password set
16:39:19.258 [main] INFO  orangehrm.project.pages.LoginPage - Login button clicked
16:39:19.516 [main] INFO  orangehrm.project.pages.LoginPage - Error message captured
16:39:19.516 [main] INFO  orangehrm.project.tests.LoginPageTest - Test LoginTestWithWrongCredentials successfully finished
16:39:23.495 [main] INFO  orangehrm.project.pages.LoginPage - Username set
16:39:23.581 [main] INFO  orangehrm.project.pages.LoginPage - Password set
16:39:23.627 [main] INFO  orangehrm.project.pages.LoginPage - Login button clicked
16:39:24.831 [main] INFO  orangehrm.project.pages.LoginPage - Error message captured
16:39:24.831 [main] INFO  orangehrm.project.tests.LoginPageTest - Test LoginTestWithWrongCredentials successfully finished
16:39:29.252 [main] INFO  orangehrm.project.pages.LoginPage - ForgotPassword link clicked
16:39:30.643 [main] INFO  orangehrm.project.pages.LoginPage - Reset Password link sent successfully
16:39:30.906 [main] INFO  orangehrm.project.tests.LoginPageTest - Test LoginTest ResetPassword successfully finished
16:39:39.061 [main] INFO  orangehrm.project.pages.LoginPage - Social media YouTube icon clicked successfully
16:51:57.166 [main] INFO  orangehrm.project.pages.LoginPage - Social media http://www.orangehrm.com icon clicked successfully
16:51:58.996 [main] INFO  orangehrm.project.pages.LoginPage$LinkedinPage - Focus successfully switched to http://www.orangehrm.com
16:51:59.000 [main] INFO  orangehrm.project.pages.LoginPage$LinkedinPage - http://www.orangehrm.com title successfully captured
16:52:44.646 [main] INFO  orangehrm.project.pages.LoginPage - Social media http://www.orangehrm.com icon clicked successfully
16:52:46.190 [main] INFO  orangehrm.project.pages.LoginPage$LinkedinPage - Focus successfully switched to http://www.orangehrm.com
16:52:46.195 [main] INFO  orangehrm.project.pages.LoginPage$LinkedinPage - http://www.orangehrm.com title successfully captured
16:58:28.468 [main] INFO  orangehrm.project.pages.LoginPage - Social media http://www.orangehrm.com icon clicked successfully
16:58:30.175 [main] INFO  orangehrm.project.pages.LoginPage$LinkedinPage - Focus successfully switched to http://www.orangehrm.com
16:58:30.180 [main] INFO  orangehrm.project.pages.LoginPage$LinkedinPage - http://www.orangehrm.com title successfully captured
20:35:10.318 [main] INFO  orangehrm.project.pages.LoginPage - Username set
20:35:10.418 [main] INFO  orangehrm.project.pages.LoginPage - Password set
20:35:11.631 [main] INFO  orangehrm.project.pages.LoginPage - Login button clicked
20:35:11.631 [main] INFO  orangehrm.project.pages.LoginPage - Login Successful
20:35:13.116 [main] INFO  orangehrm.project.pages.HomePage - Click on Admin successful
20:35:14.075 [main] INFO  orangehrm.project.pages.AdminPage - Job Titles is selected from JobDropDown
20:35:14.827 [main] INFO  orangehrm.project.pages.AdminPage - Add button clicked
20:35:15.192 [main] INFO  orangehrm.project.pages.AdminPage - JobTitle text typed
20:35:15.253 [main] INFO  orangehrm.project.pages.AdminPage - Job description text typed
20:35:15.309 [main] INFO  orangehrm.project.pages.AdminPage - Note text typed
20:35:15.413 [main] INFO  orangehrm.project.pages.AdminPage - Save button clicked
20:35:15.711 [main] INFO  orangehrm.project.pages.AdminPage - Toast message captured
20:35:19.276 [main] INFO  orangehrm.project.pages.AdminPage - Delete button clicked
20:35:19.574 [main] INFO  orangehrm.project.pages.AdminPage - Toast message captured
20:35:19.575 [main] INFO  orangehrm.project.tests.AdminPageTest - add Then Delete a Job Title test Finished
20:35:23.868 [main] INFO  orangehrm.project.pages.LoginPage - Username set
20:35:23.967 [main] INFO  orangehrm.project.pages.LoginPage - Password set
20:35:24.998 [main] INFO  orangehrm.project.pages.LoginPage - Login button clicked
20:35:24.998 [main] INFO  orangehrm.project.pages.LoginPage - Login Successful
20:35:26.411 [main] INFO  orangehrm.project.pages.HomePage - Click on Admin successful
20:35:26.843 [main] INFO  orangehrm.project.pages.AdminPage - text set to username
20:35:26.927 [main] INFO  orangehrm.project.pages.AdminPage - Admin selected from dropdown
20:35:26.999 [main] INFO  orangehrm.project.pages.AdminPage - Enable selected from dropdown
20:35:27.057 [main] INFO  orangehrm.project.pages.AdminPage - search button clicked
20:35:27.567 [main] INFO  orangehrm.project.pages.AdminPage - edit button clicked
20:35:28.191 [main] INFO  orangehrm.project.pages.AdminPage - checkbox clicked, and it is displayed
20:35:28.191 [main] INFO  orangehrm.project.tests.AdminPageTest - change password check box test finished
20:35:32.213 [main] INFO  orangehrm.project.pages.LoginPage - Username set
20:35:32.284 [main] INFO  orangehrm.project.pages.LoginPage - Password set
20:35:32.339 [main] INFO  orangehrm.project.pages.LoginPage - Login button clicked
20:35:32.339 [main] INFO  orangehrm.project.pages.LoginPage - Login Successful
20:35:34.250 [main] INFO  orangehrm.project.pages.HomePage - Click on Buzz successful
20:35:34.669 [main] INFO  orangehrm.project.pages.BuzzPage - Most recent post button clicked
20:35:35.354 [main] INFO  orangehrm.project.pages.BuzzPage - Comment icon clicked
20:35:35.915 [main] INFO  orangehrm.project.pages.BuzzPage - Toast message successfully captured
20:35:35.916 [main] INFO  orangehrm.project.tests.BuzzPageTest - Test addCommentToMostRecentPost finished successfully
