04:34:04.899 [main] INFO  orangehrm.project.pages.LoginPage - Login Successful
04:34:06.844 [main] INFO  orangehrm.project.pages.HomePage - Admin exist on the main menu and it is clickable --AdminFromMenu test-- Finished
04:34:13.066 [main] INFO  orangehrm.project.pages.LoginPage - Login Successful
04:34:14.877 [main] INFO  orangehrm.project.pages.HomePage - PIM exist on the main menu and it is clickable --PIMFromMenu test-- Finished
04:34:20.751 [main] INFO  orangehrm.project.pages.LoginPage - Login Successful
04:34:22.661 [main] INFO  orangehrm.project.pages.HomePage - Leave exist on the main menu and it is clickable --LeaveFromMenu test-- Finished
04:34:28.538 [main] INFO  orangehrm.project.pages.LoginPage - Login Successful
04:34:30.175 [main] INFO  orangehrm.project.pages.HomePage - Time exist on the main menu and it is clickable --TimeFromMenu test-- Finished
04:34:35.902 [main] INFO  orangehrm.project.pages.LoginPage - Login Successful
04:34:37.727 [main] INFO  orangehrm.project.pages.HomePage - Recruitment exist on the main menu and it is clickable --RecruitmentFromMenu test-- Finished
04:34:43.706 [main] INFO  orangehrm.project.pages.LoginPage - Login Successful
04:34:45.642 [main] INFO  orangehrm.project.pages.HomePage - Performance exist on the main menu and it is clickable --PerformanceFromMenu test-- Finished
04:34:51.266 [main] INFO  orangehrm.project.pages.LoginPage - Login Successful
04:34:53.044 [main] INFO  orangehrm.project.pages.HomePage - Dashboard exist on the main menu and it is clickable --DashboardFromMenu test-- Finish
04:34:58.964 [main] INFO  orangehrm.project.pages.LoginPage - Login Successful
04:35:00.493 [main] INFO  orangehrm.project.pages.HomePage - Directory exist on the main menu and it is clickable
04:35:06.220 [main] INFO  orangehrm.project.pages.LoginPage - Login Successful
04:35:08.085 [main] INFO  orangehrm.project.pages.HomePage - Buzz exist on the main menu and it is clickable --BuzzFromMenu test-- Finished
04:35:13.802 [main] INFO  orangehrm.project.pages.LoginPage - Login Successful
04:35:15.280 [main] INFO  orangehrm.project.pages.HomePage - click Admin success
04:35:27.013 [main] INFO  orangehrm.project.pages.LoginPage - Login Successful
04:35:28.415 [main] INFO  orangehrm.project.pages.HomePage - click Admin success
04:35:28.814 [main] INFO  orangehrm.project.pages.AdminPage - text inserted to username
04:35:28.898 [main] INFO  orangehrm.project.pages.AdminPage - Admin selected from dropdown
04:35:28.977 [main] INFO  orangehrm.project.pages.AdminPage - Enable selected from dropdown
04:35:29.033 [main] INFO  orangehrm.project.pages.AdminPage - search button clicked
04:35:29.516 [main] INFO  orangehrm.project.pages.AdminPage - edit button clicked
04:35:30.161 [main] INFO  orangehrm.project.pages.AdminPage - checkbox clicked, and it is displayed
04:35:30.199 [main] INFO  orangehrm.project.pages.AdminPage - checkbox clicked, and it is displayed
16:09:03.246 [main] INFO  orangehrm.project.pages.LoginPage - Login Successful
16:09:05.142 [main] INFO  orangehrm.project.pages.HomePage - Admin exist on the main menu and it is clickable --AdminFromMenu test-- Finished
16:09:11.717 [main] INFO  orangehrm.project.pages.LoginPage - Login Successful
16:09:13.577 [main] INFO  orangehrm.project.pages.HomePage - PIM exist on the main menu and it is clickable --PIMFromMenu test-- Finished
16:09:19.486 [main] INFO  orangehrm.project.pages.LoginPage - Login Successful
16:09:21.293 [main] INFO  orangehrm.project.pages.HomePage - Leave exist on the main menu and it is clickable --LeaveFromMenu test-- Finished
16:09:26.951 [main] INFO  orangehrm.project.pages.LoginPage - Login Successful
16:09:28.945 [main] INFO  orangehrm.project.pages.HomePage - Time exist on the main menu and it is clickable --TimeFromMenu test-- Finished
16:09:34.728 [main] INFO  orangehrm.project.pages.LoginPage - Login Successful
16:09:36.451 [main] INFO  orangehrm.project.pages.HomePage - Recruitment exist on the main menu and it is clickable --RecruitmentFromMenu test-- Finished
16:09:42.127 [main] INFO  orangehrm.project.pages.LoginPage - Login Successful
16:09:43.906 [main] INFO  orangehrm.project.pages.HomePage - Performance exist on the main menu and it is clickable --PerformanceFromMenu test-- Finished
16:09:49.558 [main] INFO  orangehrm.project.pages.LoginPage - Login Successful
16:09:50.980 [main] INFO  orangehrm.project.pages.HomePage - Dashboard exist on the main menu and it is clickable --DashboardFromMenu test-- Finish
16:09:56.572 [main] INFO  orangehrm.project.pages.LoginPage - Login Successful
16:09:58.208 [main] INFO  orangehrm.project.pages.HomePage - Directory exist on the main menu and it is clickable
16:10:03.024 [main] INFO  orangehrm.project.pages.LoginPage - Login Successful
16:10:05.349 [main] INFO  orangehrm.project.pages.HomePage - Buzz exist on the main menu and it is clickable --BuzzFromMenu test-- Finished
16:10:11.722 [main] INFO  orangehrm.project.pages.LoginPage - Login Successful
16:10:13.551 [main] INFO  orangehrm.project.pages.HomePage - click Admin success
16:10:25.343 [main] INFO  orangehrm.project.pages.LoginPage - Login Successful
16:10:26.659 [main] INFO  orangehrm.project.pages.HomePage - click Admin success
16:10:27.141 [main] INFO  orangehrm.project.pages.AdminPage - text inserted to username
16:10:27.235 [main] INFO  orangehrm.project.pages.AdminPage - Admin selected from dropdown
16:10:27.315 [main] INFO  orangehrm.project.pages.AdminPage - Enable selected from dropdown
16:10:27.356 [main] INFO  orangehrm.project.pages.AdminPage - search button clicked
16:10:27.892 [main] INFO  orangehrm.project.pages.AdminPage - edit button clicked
16:10:28.508 [main] INFO  orangehrm.project.pages.AdminPage - checkbox clicked, and it is displayed
16:10:28.544 [main] INFO  orangehrm.project.pages.AdminPage - checkbox clicked, and it is displayed
16:15:50.918 [main] INFO  nopcommerce.pages.HomePage - ***  Search Test Started ***
16:15:51.081 [main] INFO  nopcommerce.pages.HomePage - Item type success
16:15:51.864 [main] INFO  nopcommerce.pages.HomePage - click on search success
16:15:51.872 [main] INFO  nopcommerce.pages.HomePage - Landed on search page successfully
16:15:51.874 [main] INFO  nopcommerce.pages.HomePage - get item name success
16:15:51.901 [main] INFO  nopcommerce.pages.HomePage - Item found successfully
16:15:51.901 [main] INFO  nopcommerce.pages.HomePage - get item price success
16:15:51.925 [main] INFO  nopcommerce.pages.HomePage - Item price as expected
16:15:51.925 [main] INFO  nopcommerce.pages.HomePage - ***  Search Test Ended ***
16:35:30.684 [main] INFO  nopcommerce.pages.HomePage - ***  Search Test Started ***
17:33:48.521 [main] INFO  orangehrm.project.pages.LoginPage - Login Successful
17:33:49.913 [main] INFO  orangehrm.project.pages.HomePage - click Admin success
17:35:23.217 [main] INFO  orangehrm.project.pages.LoginPage - Login Successful
17:35:24.562 [main] INFO  orangehrm.project.pages.HomePage - click Admin success
17:42:43.449 [main] INFO  orangehrm.project.pages.LoginPage - Login Successful
17:42:44.954 [main] INFO  orangehrm.project.pages.HomePage - click Admin success
17:42:45.756 [main] INFO  orangehrm.project.pages.AdminPage - Job Titles is selected from JobDropDown
17:42:46.450 [main] INFO  orangehrm.project.pages.AdminPage - Add button clicked
17:42:46.821 [main] INFO  orangehrm.project.pages.AdminPage - JobTitle text typed
17:42:46.879 [main] INFO  orangehrm.project.pages.AdminPage - Job description text typed
17:42:46.936 [main] INFO  orangehrm.project.pages.AdminPage - Note text typed
17:42:47.038 [main] INFO  orangehrm.project.pages.AdminPage - Save button clicked
17:42:51.061 [main] INFO  orangehrm.project.pages.AdminPage - success message popup
17:42:51.073 [main] INFO  orangehrm.project.pages.AdminPage - success message popup
17:42:55.186 [main] INFO  orangehrm.project.pages.AdminPage - New job title deleted success
17:46:27.107 [main] INFO  orangehrm.project.pages.LoginPage - Login Successful
17:46:28.447 [main] INFO  orangehrm.project.pages.HomePage - click Admin success
17:46:29.340 [main] INFO  orangehrm.project.pages.AdminPage - Job Titles is selected from JobDropDown
17:46:30.068 [main] INFO  orangehrm.project.pages.AdminPage - Add button clicked
17:46:30.384 [main] INFO  orangehrm.project.pages.AdminPage - JobTitle text typed
17:46:30.435 [main] INFO  orangehrm.project.pages.AdminPage - Job description text typed
17:46:30.483 [main] INFO  orangehrm.project.pages.AdminPage - Note text typed
17:46:30.649 [main] INFO  orangehrm.project.pages.AdminPage - Save button clicked
17:46:34.678 [main] INFO  orangehrm.project.pages.AdminPage - success message popup
17:46:34.692 [main] INFO  orangehrm.project.pages.AdminPage - success message popup
17:46:38.791 [main] INFO  orangehrm.project.pages.AdminPage - New job title deleted success
17:47:13.377 [main] INFO  orangehrm.project.pages.LoginPage - Login Successful
17:47:14.683 [main] INFO  orangehrm.project.pages.HomePage - click Admin success
17:47:15.597 [main] INFO  orangehrm.project.pages.AdminPage - Job Titles is selected from JobDropDown
17:47:16.306 [main] INFO  orangehrm.project.pages.AdminPage - Add button clicked
17:47:16.627 [main] INFO  orangehrm.project.pages.AdminPage - JobTitle text typed
17:47:16.683 [main] INFO  orangehrm.project.pages.AdminPage - Job description text typed
17:47:16.742 [main] INFO  orangehrm.project.pages.AdminPage - Note text typed
17:47:16.899 [main] INFO  orangehrm.project.pages.AdminPage - Save button clicked
17:47:20.927 [main] INFO  orangehrm.project.pages.AdminPage - success message popup
17:47:20.939 [main] INFO  orangehrm.project.pages.AdminPage - success message popup
17:47:25.054 [main] INFO  orangehrm.project.pages.AdminPage - New job title deleted success
17:56:17.974 [main] INFO  orangehrm.project.pages.LoginPage - Login Successful
17:56:19.201 [main] INFO  orangehrm.project.pages.HomePage - click Admin success
17:56:20.070 [main] INFO  orangehrm.project.pages.AdminPage - Job Titles is selected from JobDropDown
17:56:20.773 [main] INFO  orangehrm.project.pages.AdminPage - Add button clicked
17:56:21.145 [main] INFO  orangehrm.project.pages.AdminPage - JobTitle text typed
17:56:21.212 [main] INFO  orangehrm.project.pages.AdminPage - Job description text typed
