22:02:55.292 [main] INFO  orangehrm.project.pages.LoginPage - Login Successful
22:02:56.843 [main] INFO  orangehrm.project.pages.HomePage - click Admin success
22:02:57.873 [main] INFO  orangehrm.project.pages.AdminPage - Job Titles is selected from JobDropDown
22:02:58.824 [main] INFO  orangehrm.project.pages.AdminPage - Add button clicked
22:02:59.215 [main] INFO  orangehrm.project.pages.AdminPage - JobTitle text typed
22:02:59.272 [main] INFO  orangehrm.project.pages.AdminPage - Job description text typed
22:02:59.326 [main] INFO  orangehrm.project.pages.AdminPage - Note text typed
22:02:59.480 [main] INFO  orangehrm.project.pages.AdminPage - Save button clicked
22:02:59.775 [main] INFO  orangehrm.project.pages.AdminPage - Toast message captured
22:03:05.526 [main] INFO  orangehrm.project.pages.LoginPage - Login Successful
22:03:06.927 [main] INFO  orangehrm.project.pages.HomePage - click Admin success
22:03:07.338 [main] INFO  orangehrm.project.pages.AdminPage - text inserted to username
22:03:07.423 [main] INFO  orangehrm.project.pages.AdminPage - Admin selected from dropdown
22:03:07.502 [main] INFO  orangehrm.project.pages.AdminPage - Enable selected from dropdown
22:03:07.561 [main] INFO  orangehrm.project.pages.AdminPage - search button clicked
22:03:08.120 [main] INFO  orangehrm.project.pages.AdminPage - edit button clicked
22:03:08.816 [main] INFO  orangehrm.project.pages.AdminPage - checkbox clicked, and it is displayed
22:03:08.860 [main] INFO  orangehrm.project.pages.AdminPage - checkbox clicked, and it is displayed
22:03:08.860 [main] INFO  orangehrm.project.tests.AdminPageTest - change password check box test finished
22:03:14.130 [main] INFO  orangehrm.project.pages.LoginPage - Login Successful
22:03:16.112 [main] INFO  orangehrm.project.pages.HomePage - Admin exist on the main menu and it is clickable --AdminFromMenu test-- Finished
22:03:21.604 [main] INFO  orangehrm.project.pages.LoginPage - Login Successful
22:03:23.487 [main] INFO  orangehrm.project.pages.HomePage - Leave exist on the main menu and it is clickable --LeaveFromMenu test-- Finished
22:03:29.397 [main] INFO  orangehrm.project.pages.LoginPage - Login Successful
22:03:31.315 [main] INFO  orangehrm.project.pages.HomePage - Time exist on the main menu and it is clickable --TimeFromMenu test-- Finished
22:03:36.555 [main] INFO  orangehrm.project.pages.LoginPage - Login Successful
22:03:38.315 [main] INFO  orangehrm.project.pages.HomePage - Recruitment exist on the main menu and it is clickable --RecruitmentFromMenu test-- Finished
22:03:43.621 [main] INFO  orangehrm.project.pages.LoginPage - Login Successful
22:03:45.637 [main] INFO  orangehrm.project.pages.HomePage - Performance exist on the main menu and it is clickable --PerformanceFromMenu test-- Finished
22:03:51.197 [main] INFO  orangehrm.project.pages.LoginPage - Login Successful
22:03:52.724 [main] INFO  orangehrm.project.pages.HomePage - Dashboard exist on the main menu and it is clickable --DashboardFromMenu test-- Finish
22:03:58.263 [main] INFO  orangehrm.project.pages.LoginPage - Login Successful
22:03:59.746 [main] INFO  orangehrm.project.pages.HomePage - Directory exist on the main menu and it is clickable
22:04:04.817 [main] INFO  orangehrm.project.pages.LoginPage - Login Successful
22:04:06.364 [main] INFO  orangehrm.project.pages.HomePage - Buzz exist on the main menu and it is clickable --BuzzFromMenu test-- Finished
22:04:11.576 [main] INFO  orangehrm.project.pages.LoginPage - Login Successful
22:04:11.576 [main] INFO  orangehrm.project.tests.LoginPageTest - login success
22:04:11.969 [main] INFO  orangehrm.project.pages.LoginPage - User Name is Displayed
22:04:17.827 [main] INFO  orangehrm.project.pages.LoginPage - Reset Password link sent successfully
22:04:23.557 [main] INFO  orangehrm.project.pages.LoginPage - Login Successful
22:04:25.110 [main] INFO  orangehrm.project.pages.MyInfo - My Info Clicked
22:04:26.229 [main] INFO  orangehrm.project.pages.MyInfo - blood type selected
22:04:26.271 [main] INFO  orangehrm.project.pages.MyInfo - Save button clicked
22:04:26.680 [main] INFO  orangehrm.project.pages.MyInfo - Toast message captured
22:46:41.730 [main] INFO  orangehrm.project.pages.LoginPage - Reset Password link sent successfully
22:48:17.404 [main] INFO  orangehrm.project.pages.LoginPage - Reset Password link sent successfully
22:50:31.759 [main] INFO  orangehrm.project.pages.LoginPage - Reset Password link sent successfully
23:22:05.964 [main] INFO  orangehrm.project.pages.LoginPage - Login Successful
23:22:07.522 [main] INFO  orangehrm.project.pages.MyInfo - My Info Clicked
23:22:09.125 [main] INFO  orangehrm.project.pages.MyInfo - blood type selected
23:22:09.167 [main] INFO  orangehrm.project.pages.MyInfo - Save button clicked
23:22:09.799 [main] INFO  orangehrm.project.pages.MyInfo - Toast message captured
23:43:14.939 [main] INFO  orangehrm.project.pages.LoginPage - Login Successful
23:43:16.544 [main] INFO  orangehrm.project.pages.HomePage - click Admin success
23:43:16.907 [main] INFO  orangehrm.project.pages.AdminPage - text inserted to username
23:43:17.032 [main] INFO  orangehrm.project.pages.AdminPage - Admin selected from dropdown
23:43:17.155 [main] INFO  orangehrm.project.pages.AdminPage - Admin selected from dropdown
20:17:51.928 [main] INFO  orangehrm.project.pages.LoginPage - Login Successful
20:17:53.305 [main] INFO  orangehrm.project.pages.HomePage - click Admin success
20:17:53.793 [main] INFO  orangehrm.project.pages.AdminPage - text inserted to username
20:17:53.885 [main] INFO  orangehrm.project.pages.AdminPage - Admin selected from dropdown
20:17:53.962 [main] INFO  orangehrm.project.pages.AdminPage - Enable selected from dropdown
20:17:54.004 [main] INFO  orangehrm.project.pages.AdminPage - search button clicked
20:17:54.529 [main] INFO  orangehrm.project.pages.AdminPage - edit button clicked
20:17:55.159 [main] INFO  orangehrm.project.pages.AdminPage - checkbox clicked, and it is displayed
20:17:55.238 [main] INFO  orangehrm.project.pages.AdminPage - checkbox clicked, and it is displayed
20:17:55.241 [main] INFO  orangehrm.project.tests.AdminPageTest - change password check box test finished
20:19:25.941 [main] INFO  orangehrm.project.pages.LoginPage - Login Successful
20:19:27.549 [main] INFO  orangehrm.project.pages.MyInfo - My Info Clicked
20:19:28.287 [main] INFO  orangehrm.project.pages.MyInfo - blood type selected
20:19:28.334 [main] INFO  orangehrm.project.pages.MyInfo - Save button clicked
20:19:28.798 [main] INFO  orangehrm.project.pages.MyInfo - Toast message captured
20:24:52.509 [main] INFO  orangehrm.project.pages.LoginPage - Login Successful
20:24:54.923 [main] INFO  orangehrm.project.pages.MyInfo - blood type selected
20:24:54.971 [main] INFO  orangehrm.project.pages.MyInfo - Save button clicked
20:24:55.386 [main] INFO  orangehrm.project.pages.MyInfo - Toast message captured
21:21:06.830 [main] INFO  orangehrm.project.pages.LoginPage - Login Successful
21:42:54.298 [main] INFO  orangehrm.project.pages.LoginPage - Login Successful
21:42:56.584 [main] INFO  orangehrm.project.pages.MyInfo - blood type selected
21:42:56.622 [main] INFO  orangehrm.project.pages.MyInfo - Save button clicked
21:42:57.041 [main] INFO  orangehrm.project.pages.MyInfo - Toast message captured
22:10:24.035 [main] INFO  orangehrm.project.pages.LoginPage - Login Successful
22:11:37.282 [main] INFO  orangehrm.project.pages.LoginPage - Login Successful
22:11:38.826 [main] INFO  orangehrm.project.pages.BuzzPage - Share Photos Button clicked
22:11:38.949 [main] INFO  orangehrm.project.pages.BuzzPage - Text inserted to What's on your mind
22:12:50.238 [main] INFO  orangehrm.project.pages.LoginPage - Login Successful
22:12:51.802 [main] INFO  orangehrm.project.pages.BuzzPage - Share Photos Button clicked
22:12:51.938 [main] INFO  orangehrm.project.pages.BuzzPage - Text inserted to What's on your mind
22:13:42.573 [main] INFO  orangehrm.project.pages.LoginPage - Login Successful
22:13:44.438 [main] INFO  orangehrm.project.pages.BuzzPage - Share Photos Button clicked
22:13:44.563 [main] INFO  orangehrm.project.pages.BuzzPage - Text inserted to What's on your mind
22:13:44.664 [main] INFO  orangehrm.project.pages.BuzzPage - Image successfully uploaded
22:16:44.220 [main] INFO  orangehrm.project.pages.LoginPage - Login Successful
22:16:45.988 [main] INFO  orangehrm.project.pages.BuzzPage - Share Photos Button clicked
22:16:46.114 [main] INFO  orangehrm.project.pages.BuzzPage - Text inserted to What's on your mind
22:16:46.180 [main] INFO  orangehrm.project.pages.BuzzPage - Image successfully uploaded
22:28:18.998 [main] INFO  orangehrm.project.pages.LoginPage - Login Successful
22:28:20.460 [main] INFO  orangehrm.project.pages.BuzzPage - Share Photos Button clicked
22:28:20.582 [main] INFO  orangehrm.project.pages.BuzzPage - Text inserted to What's on your mind
22:28:20.650 [main] INFO  orangehrm.project.pages.BuzzPage - Image successfully uploaded
22:28:48.284 [main] INFO  orangehrm.project.pages.LoginPage - Login Successful
22:28:50.132 [main] INFO  orangehrm.project.pages.BuzzPage - Share Photos Button clicked
22:28:50.259 [main] INFO  orangehrm.project.pages.BuzzPage - Text inserted to What's on your mind
22:28:50.330 [main] INFO  orangehrm.project.pages.BuzzPage - Image successfully uploaded
22:29:46.867 [main] INFO  orangehrm.project.pages.LoginPage - Login Successful
22:29:48.503 [main] INFO  orangehrm.project.pages.BuzzPage - Share Photos Button clicked
22:29:48.611 [main] INFO  orangehrm.project.pages.BuzzPage - Text inserted to What's on your mind
22:29:48.667 [main] INFO  orangehrm.project.pages.BuzzPage - Image successfully uploaded
22:36:33.517 [main] INFO  orangehrm.project.pages.LoginPage - Login Successful
22:36:35.267 [main] INFO  orangehrm.project.pages.BuzzPage - Share Photos Button clicked
22:36:35.401 [main] INFO  orangehrm.project.pages.BuzzPage - Text inserted to What's on your mind
22:36:35.469 [main] INFO  orangehrm.project.pages.BuzzPage - Image successfully uploaded
22:36:35.803 [main] INFO  orangehrm.project.pages.BuzzPage - Share button clicked
22:41:36.297 [main] INFO  orangehrm.project.pages.LoginPage - Login Successful
22:41:38.148 [main] INFO  orangehrm.project.pages.BuzzPage - Share Photos Button clicked
