22:32:42.552 [main] INFO  orangehrm.project.tests.LoginPageTest - login success
22:35:20.344 [main] INFO  orangehrm.project.tests.LoginPageTest - login success
02:33:01.862 [main] INFO  orangehrm.project.pages.HomePage - click Admin success
02:33:02.212 [main] INFO  orangehrm.project.pages.HomePage - text inserted to username
02:44:05.284 [main] INFO  orangehrm.project.pages.HomePage - click Admin success
02:44:05.849 [main] INFO  orangehrm.project.pages.HomePage - text inserted to username
03:27:48.020 [main] INFO  orangehrm.project.pages.HomePage - click Admin success
03:27:48.383 [main] INFO  orangehrm.project.pages.HomePage - text inserted to username
03:28:46.404 [main] INFO  orangehrm.project.pages.HomePage - click Admin success
03:28:46.741 [main] INFO  orangehrm.project.pages.HomePage - text inserted to username
03:29:08.379 [main] INFO  orangehrm.project.pages.HomePage - click Admin success
03:29:08.878 [main] INFO  orangehrm.project.pages.HomePage - text inserted to username
03:34:09.667 [main] INFO  orangehrm.project.pages.HomePage - click Admin success
03:34:10.024 [main] INFO  orangehrm.project.pages.HomePage - text inserted to username
03:37:54.919 [main] INFO  orangehrm.project.pages.HomePage - click Admin success
03:37:55.294 [main] INFO  orangehrm.project.pages.HomePage - text inserted to username
03:48:16.384 [main] INFO  orangehrm.project.pages.HomePage - click Admin success
03:48:16.784 [main] INFO  orangehrm.project.pages.HomePage - text inserted to username
03:48:50.901 [main] INFO  orangehrm.project.pages.HomePage - click Admin success
03:48:51.262 [main] INFO  orangehrm.project.pages.HomePage - text inserted to username
03:51:10.953 [main] INFO  orangehrm.project.pages.HomePage - click Admin success
03:51:11.307 [main] INFO  orangehrm.project.pages.HomePage - text inserted to username
04:04:49.150 [main] INFO  orangehrm.project.pages.HomePage - click Admin success
04:04:49.485 [main] INFO  orangehrm.project.pages.HomePage - text inserted to username
04:05:43.830 [main] INFO  orangehrm.project.pages.HomePage - click Admin success
04:05:44.184 [main] INFO  orangehrm.project.pages.HomePage - text inserted to username
04:10:46.067 [main] INFO  orangehrm.project.pages.HomePage - click Admin success
04:10:46.443 [main] INFO  orangehrm.project.pages.HomePage - text inserted to username
04:11:14.570 [main] INFO  orangehrm.project.pages.HomePage - click Admin success
04:11:14.938 [main] INFO  orangehrm.project.pages.HomePage - text inserted to username
15:24:54.833 [main] INFO  orangehrm.project.pages.HomePage - click Admin success
15:24:55.208 [main] INFO  orangehrm.project.pages.HomePage - text inserted to username
15:27:33.135 [main] INFO  orangehrm.project.pages.HomePage - click Admin success
15:27:33.663 [main] INFO  orangehrm.project.pages.HomePage - text inserted to username
15:54:09.705 [main] INFO  orangehrm.project.pages.HomePage - click Admin success
15:54:10.176 [main] INFO  orangehrm.project.pages.HomePage - text inserted to username
15:55:28.318 [main] INFO  orangehrm.project.pages.HomePage - click Admin success
15:55:28.831 [main] INFO  orangehrm.project.pages.HomePage - text inserted to username
15:56:41.060 [main] INFO  orangehrm.project.pages.HomePage - click Admin success
15:56:41.520 [main] INFO  orangehrm.project.pages.HomePage - text inserted to username
16:09:41.368 [main] INFO  orangehrm.project.pages.HomePage - click Admin success
16:09:41.923 [main] INFO  orangehrm.project.pages.HomePage - text inserted to username
16:09:59.008 [main] INFO  orangehrm.project.pages.HomePage - click Admin success
16:09:59.553 [main] INFO  orangehrm.project.pages.HomePage - text inserted to username
16:10:51.694 [main] INFO  orangehrm.project.pages.HomePage - click Admin success
16:10:52.185 [main] INFO  orangehrm.project.pages.HomePage - text inserted to username
16:11:25.870 [main] INFO  orangehrm.project.pages.HomePage - click Admin success
16:11:26.394 [main] INFO  orangehrm.project.pages.HomePage - text inserted to username
23:20:45.739 [main] INFO  orangehrm.project.pages.HomePage - click Admin success
23:20:46.109 [main] INFO  orangehrm.project.pages.HomePage - text inserted to username
23:21:50.701 [main] INFO  orangehrm.project.pages.HomePage - click Admin success
23:21:51.159 [main] INFO  orangehrm.project.pages.HomePage - text inserted to username
23:25:26.610 [main] INFO  orangehrm.project.pages.HomePage - click Admin success
23:25:27.098 [main] INFO  orangehrm.project.pages.HomePage - text inserted to username
23:32:46.406 [main] INFO  orangehrm.project.pages.HomePage - click Admin success
23:32:46.808 [main] INFO  orangehrm.project.pages.HomePage - text inserted to username
23:34:52.819 [main] INFO  orangehrm.project.pages.HomePage - click Admin success
23:34:53.299 [main] INFO  orangehrm.project.pages.HomePage - text inserted to username
23:35:43.456 [main] INFO  orangehrm.project.pages.HomePage - click Admin success
23:35:43.822 [main] INFO  orangehrm.project.pages.HomePage - text inserted to username
23:38:02.241 [main] INFO  orangehrm.project.pages.HomePage - click Admin success
23:38:02.814 [main] INFO  orangehrm.project.pages.HomePage - text inserted to username
23:38:05.917 [main] INFO  orangehrm.project.pages.HomePage - Admin selected from dropdown
23:39:38.739 [main] INFO  orangehrm.project.pages.HomePage - click Admin success
23:39:39.273 [main] INFO  orangehrm.project.pages.HomePage - text inserted to username
23:39:42.371 [main] INFO  orangehrm.project.pages.HomePage - Admin selected from dropdown
23:39:45.463 [main] INFO  orangehrm.project.pages.HomePage - Enable selected from dropdown
23:39:48.846 [main] INFO  orangehrm.project.pages.HomePage - edit button clicked
23:42:13.447 [main] INFO  orangehrm.project.pages.HomePage - click Admin success
23:42:13.949 [main] INFO  orangehrm.project.pages.HomePage - text inserted to username
23:42:14.037 [main] INFO  orangehrm.project.pages.HomePage - Admin selected from dropdown
23:42:14.116 [main] INFO  orangehrm.project.pages.HomePage - Enable selected from dropdown
23:42:17.521 [main] INFO  orangehrm.project.pages.HomePage - edit button clicked
23:43:16.021 [main] INFO  orangehrm.project.pages.HomePage - click Admin success
23:43:16.467 [main] INFO  orangehrm.project.pages.HomePage - text inserted to username
23:43:16.556 [main] INFO  orangehrm.project.pages.HomePage - Admin selected from dropdown
23:43:16.638 [main] INFO  orangehrm.project.pages.HomePage - Enable selected from dropdown
23:43:20.031 [main] INFO  orangehrm.project.pages.HomePage - edit button clicked
23:44:17.080 [main] INFO  orangehrm.project.pages.HomePage - click Admin success
23:44:17.566 [main] INFO  orangehrm.project.pages.HomePage - text inserted to username
23:44:17.657 [main] INFO  orangehrm.project.pages.HomePage - Admin selected from dropdown
23:44:17.734 [main] INFO  orangehrm.project.pages.HomePage - Enable selected from dropdown
23:44:21.113 [main] INFO  orangehrm.project.pages.HomePage - edit button clicked
23:44:21.674 [main] INFO  orangehrm.project.pages.HomePage - search button clicked
23:45:14.029 [main] INFO  orangehrm.project.pages.HomePage - click Admin success
23:45:14.524 [main] INFO  orangehrm.project.pages.HomePage - text inserted to username
23:45:14.612 [main] INFO  orangehrm.project.pages.HomePage - Admin selected from dropdown
23:48:27.239 [main] INFO  orangehrm.project.pages.HomePage - click Admin success
23:48:27.601 [main] INFO  orangehrm.project.pages.HomePage - text inserted to username
23:48:27.702 [main] INFO  orangehrm.project.pages.HomePage - Admin selected from dropdown
23:50:37.732 [main] INFO  orangehrm.project.pages.HomePage - click Admin success
23:50:38.260 [main] INFO  orangehrm.project.pages.HomePage - text inserted to username
23:50:38.347 [main] INFO  orangehrm.project.pages.HomePage - Admin selected from dropdown
23:50:38.424 [main] INFO  orangehrm.project.pages.HomePage - Enable selected from dropdown
23:50:41.794 [main] INFO  orangehrm.project.pages.HomePage - edit button clicked
23:50:42.373 [main] INFO  orangehrm.project.pages.HomePage - search button clicked
23:52:18.166 [main] INFO  orangehrm.project.pages.HomePage - click Admin success
23:52:18.551 [main] INFO  orangehrm.project.pages.HomePage - text inserted to username
23:52:18.645 [main] INFO  orangehrm.project.pages.HomePage - Admin selected from dropdown
23:52:18.720 [main] INFO  orangehrm.project.pages.HomePage - Enable selected from dropdown
23:52:21.781 [main] INFO  orangehrm.project.pages.HomePage - search button clicked
23:52:22.417 [main] INFO  orangehrm.project.pages.HomePage - edit button clicked
23:56:22.964 [main] INFO  orangehrm.project.pages.HomePage - click Admin success
23:56:23.365 [main] INFO  orangehrm.project.pages.HomePage - text inserted to username
23:56:23.450 [main] INFO  orangehrm.project.pages.HomePage - Admin selected from dropdown
23:56:23.528 [main] INFO  orangehrm.project.pages.HomePage - Enable selected from dropdown
23:56:26.598 [main] INFO  orangehrm.project.pages.HomePage - search button clicked
23:56:27.252 [main] INFO  orangehrm.project.pages.HomePage - edit button clicked
23:59:24.761 [main] INFO  orangehrm.project.pages.HomePage - click Admin success
23:59:25.160 [main] INFO  orangehrm.project.pages.HomePage - text inserted to username
23:59:25.246 [main] INFO  orangehrm.project.pages.HomePage - Admin selected from dropdown
23:59:25.321 [main] INFO  orangehrm.project.pages.HomePage - Enable selected from dropdown
23:59:28.394 [main] INFO  orangehrm.project.pages.HomePage - search button clicked
23:59:29.033 [main] INFO  orangehrm.project.pages.HomePage - edit button clicked
00:01:13.523 [main] INFO  orangehrm.project.pages.HomePage - click Admin success
00:01:13.954 [main] INFO  orangehrm.project.pages.HomePage - text inserted to username
00:01:14.039 [main] INFO  orangehrm.project.pages.HomePage - Admin selected from dropdown
00:01:14.117 [main] INFO  orangehrm.project.pages.HomePage - Enable selected from dropdown
00:01:17.176 [main] INFO  orangehrm.project.pages.HomePage - search button clicked
00:01:17.818 [main] INFO  orangehrm.project.pages.HomePage - edit button clicked
00:01:20.864 [main] INFO  orangehrm.project.pages.HomePage - checkbox clicked
